generic.WebUtils 2022-01-22 16:43:51,621 Entering the input :vijay.udagatti 
generic.WebUtils 2022-01-22 16:43:51,771 Entering the input :chandviji 
generic.WebUtils 2022-01-22 16:43:51,859 Clicking the Element 
freemarker.log._Log4jLoggerFactory$Log4jLogger 2022-01-22 16:43:52,967 Couldn't find template in cache for "spark/spark.spa.ftl"("en_IN", UTF-8, parsed); will try to load it. 
freemarker.log._Log4jLoggerFactory$Log4jLogger 2022-01-22 16:43:52,968 TemplateLoader.findTemplateSource("spark/spark.spa_en_IN.ftl"): Not found 
freemarker.log._Log4jLoggerFactory$Log4jLogger 2022-01-22 16:43:52,970 TemplateLoader.findTemplateSource("spark/spark.spa_en.ftl"): Not found 
freemarker.log._Log4jLoggerFactory$Log4jLogger 2022-01-22 16:43:52,972 TemplateLoader.findTemplateSource("spark/spark.spa.ftl"): Found 
freemarker.log._Log4jLoggerFactory$Log4jLogger 2022-01-22 16:43:52,977 Loading template for "spark/spark.spa.ftl"("en_IN", UTF-8, parsed) from "jar:file:/C:/Users/Vijay/.m2/repository/com/aventstack/extentreports/5.0.8/extentreports-5.0.8.jar!/com/aventstack/extentreports/templates/spark/spark.spa.ftl" 
freemarker.log._Log4jLoggerFactory$Log4jLogger 2022-01-22 16:43:53,064 Couldn't find template in cache for "commons/commons-variables.ftl"("en_IN", UTF-8, parsed); will try to load it. 
freemarker.log._Log4jLoggerFactory$Log4jLogger 2022-01-22 16:43:53,065 TemplateLoader.findTemplateSource("commons/commons-variables_en_IN.ftl"): Not found 
freemarker.log._Log4jLoggerFactory$Log4jLogger 2022-01-22 16:43:53,066 TemplateLoader.findTemplateSource("commons/commons-variables_en.ftl"): Not found 
freemarker.log._Log4jLoggerFactory$Log4jLogger 2022-01-22 16:43:53,067 TemplateLoader.findTemplateSource("commons/commons-variables.ftl"): Found 
freemarker.log._Log4jLoggerFactory$Log4jLogger 2022-01-22 16:43:53,068 Loading template for "commons/commons-variables.ftl"("en_IN", UTF-8, parsed) from "jar:file:/C:/Users/Vijay/.m2/repository/com/aventstack/extentreports/5.0.8/extentreports-5.0.8.jar!/com/aventstack/extentreports/templates/commons/commons-variables.ftl" 
freemarker.log._Log4jLoggerFactory$Log4jLogger 2022-01-22 16:43:53,232 Couldn't find template in cache for "commons/commons-macros.ftl"("en_IN", UTF-8, parsed); will try to load it. 
freemarker.log._Log4jLoggerFactory$Log4jLogger 2022-01-22 16:43:53,234 TemplateLoader.findTemplateSource("commons/commons-macros_en_IN.ftl"): Not found 
freemarker.log._Log4jLoggerFactory$Log4jLogger 2022-01-22 16:43:53,235 TemplateLoader.findTemplateSource("commons/commons-macros_en.ftl"): Not found 
freemarker.log._Log4jLoggerFactory$Log4jLogger 2022-01-22 16:43:53,244 TemplateLoader.findTemplateSource("commons/commons-macros.ftl"): Found 
freemarker.log._Log4jLoggerFactory$Log4jLogger 2022-01-22 16:43:53,245 Loading template for "commons/commons-macros.ftl"("en_IN", UTF-8, parsed) from "jar:file:/C:/Users/Vijay/.m2/repository/com/aventstack/extentreports/5.0.8/extentreports-5.0.8.jar!/com/aventstack/extentreports/templates/commons/commons-macros.ftl" 
freemarker.log._Log4jLoggerFactory$Log4jLogger 2022-01-22 16:43:53,277 Couldn't find template in cache for "spark/macros/attributes.ftl"("en_IN", UTF-8, parsed); will try to load it. 
freemarker.log._Log4jLoggerFactory$Log4jLogger 2022-01-22 16:43:53,287 TemplateLoader.findTemplateSource("spark/macros/attributes_en_IN.ftl"): Not found 
freemarker.log._Log4jLoggerFactory$Log4jLogger 2022-01-22 16:43:53,289 TemplateLoader.findTemplateSource("spark/macros/attributes_en.ftl"): Not found 
freemarker.log._Log4jLoggerFactory$Log4jLogger 2022-01-22 16:43:53,290 TemplateLoader.findTemplateSource("spark/macros/attributes.ftl"): Found 
freemarker.log._Log4jLoggerFactory$Log4jLogger 2022-01-22 16:43:53,290 Loading template for "spark/macros/attributes.ftl"("en_IN", UTF-8, parsed) from "jar:file:/C:/Users/Vijay/.m2/repository/com/aventstack/extentreports/5.0.8/extentreports-5.0.8.jar!/com/aventstack/extentreports/templates/spark/macros/attributes.ftl" 
freemarker.log._Log4jLoggerFactory$Log4jLogger 2022-01-22 16:43:53,309 Couldn't find template in cache for "spark/macros/log.ftl"("en_IN", UTF-8, parsed); will try to load it. 
freemarker.log._Log4jLoggerFactory$Log4jLogger 2022-01-22 16:43:53,315 TemplateLoader.findTemplateSource("spark/macros/log_en_IN.ftl"): Not found 
freemarker.log._Log4jLoggerFactory$Log4jLogger 2022-01-22 16:43:53,317 TemplateLoader.findTemplateSource("spark/macros/log_en.ftl"): Not found 
freemarker.log._Log4jLoggerFactory$Log4jLogger 2022-01-22 16:43:53,318 TemplateLoader.findTemplateSource("spark/macros/log.ftl"): Found 
freemarker.log._Log4jLoggerFactory$Log4jLogger 2022-01-22 16:43:53,319 Loading template for "spark/macros/log.ftl"("en_IN", UTF-8, parsed) from "jar:file:/C:/Users/Vijay/.m2/repository/com/aventstack/extentreports/5.0.8/extentreports-5.0.8.jar!/com/aventstack/extentreports/templates/spark/macros/log.ftl" 
freemarker.log._Log4jLoggerFactory$Log4jLogger 2022-01-22 16:43:53,325 Couldn't find template in cache for "spark/macros/recurse_nodes.ftl"("en_IN", UTF-8, parsed); will try to load it. 
freemarker.log._Log4jLoggerFactory$Log4jLogger 2022-01-22 16:43:53,327 TemplateLoader.findTemplateSource("spark/macros/recurse_nodes_en_IN.ftl"): Not found 
freemarker.log._Log4jLoggerFactory$Log4jLogger 2022-01-22 16:43:53,328 TemplateLoader.findTemplateSource("spark/macros/recurse_nodes_en.ftl"): Not found 
freemarker.log._Log4jLoggerFactory$Log4jLogger 2022-01-22 16:43:53,329 TemplateLoader.findTemplateSource("spark/macros/recurse_nodes.ftl"): Found 
freemarker.log._Log4jLoggerFactory$Log4jLogger 2022-01-22 16:43:53,330 Loading template for "spark/macros/recurse_nodes.ftl"("en_IN", UTF-8, parsed) from "jar:file:/C:/Users/Vijay/.m2/repository/com/aventstack/extentreports/5.0.8/extentreports-5.0.8.jar!/com/aventstack/extentreports/templates/spark/macros/recurse_nodes.ftl" 
freemarker.log._Log4jLoggerFactory$Log4jLogger 2022-01-22 16:43:53,345 "spark/macros/log.ftl"("en_IN", UTF-8, parsed) cached copy not yet stale; using cached. 
freemarker.log._Log4jLoggerFactory$Log4jLogger 2022-01-22 16:43:53,346 Couldn't find template in cache for "spark/macros/attr-common.ftl"("en_IN", UTF-8, parsed); will try to load it. 
freemarker.log._Log4jLoggerFactory$Log4jLogger 2022-01-22 16:43:53,347 TemplateLoader.findTemplateSource("spark/macros/attr-common_en_IN.ftl"): Not found 
freemarker.log._Log4jLoggerFactory$Log4jLogger 2022-01-22 16:43:53,354 TemplateLoader.findTemplateSource("spark/macros/attr-common_en.ftl"): Not found 
freemarker.log._Log4jLoggerFactory$Log4jLogger 2022-01-22 16:43:53,355 TemplateLoader.findTemplateSource("spark/macros/attr-common.ftl"): Found 
freemarker.log._Log4jLoggerFactory$Log4jLogger 2022-01-22 16:43:53,356 Loading template for "spark/macros/attr-common.ftl"("en_IN", UTF-8, parsed) from "jar:file:/C:/Users/Vijay/.m2/repository/com/aventstack/extentreports/5.0.8/extentreports-5.0.8.jar!/com/aventstack/extentreports/templates/spark/macros/attr-common.ftl" 
freemarker.log._Log4jLoggerFactory$Log4jLogger 2022-01-22 16:43:53,372 Couldn't find template in cache for "spark/partials/head.ftl"("en_IN", UTF-8, parsed); will try to load it. 
freemarker.log._Log4jLoggerFactory$Log4jLogger 2022-01-22 16:43:53,373 TemplateLoader.findTemplateSource("spark/partials/head_en_IN.ftl"): Not found 
freemarker.log._Log4jLoggerFactory$Log4jLogger 2022-01-22 16:43:53,374 TemplateLoader.findTemplateSource("spark/partials/head_en.ftl"): Not found 
freemarker.log._Log4jLoggerFactory$Log4jLogger 2022-01-22 16:43:53,375 TemplateLoader.findTemplateSource("spark/partials/head.ftl"): Found 
freemarker.log._Log4jLoggerFactory$Log4jLogger 2022-01-22 16:43:53,376 Loading template for "spark/partials/head.ftl"("en_IN", UTF-8, parsed) from "jar:file:/C:/Users/Vijay/.m2/repository/com/aventstack/extentreports/5.0.8/extentreports-5.0.8.jar!/com/aventstack/extentreports/templates/spark/partials/head.ftl" 
freemarker.log._Log4jLoggerFactory$Log4jLogger 2022-01-22 16:43:53,382 Couldn't find template in cache for "commons/commons-inject-css.ftl"("en_IN", UTF-8, parsed); will try to load it. 
freemarker.log._Log4jLoggerFactory$Log4jLogger 2022-01-22 16:43:53,383 TemplateLoader.findTemplateSource("commons/commons-inject-css_en_IN.ftl"): Not found 
freemarker.log._Log4jLoggerFactory$Log4jLogger 2022-01-22 16:43:53,384 TemplateLoader.findTemplateSource("commons/commons-inject-css_en.ftl"): Not found 
freemarker.log._Log4jLoggerFactory$Log4jLogger 2022-01-22 16:43:53,385 TemplateLoader.findTemplateSource("commons/commons-inject-css.ftl"): Found 
freemarker.log._Log4jLoggerFactory$Log4jLogger 2022-01-22 16:43:53,386 Loading template for "commons/commons-inject-css.ftl"("en_IN", UTF-8, parsed) from "jar:file:/C:/Users/Vijay/.m2/repository/com/aventstack/extentreports/5.0.8/extentreports-5.0.8.jar!/com/aventstack/extentreports/templates/commons/commons-inject-css.ftl" 
freemarker.log._Log4jLoggerFactory$Log4jLogger 2022-01-22 16:43:53,388 Couldn't find template in cache for "spark/partials/navbar.ftl"("en_IN", UTF-8, parsed); will try to load it. 
freemarker.log._Log4jLoggerFactory$Log4jLogger 2022-01-22 16:43:53,389 TemplateLoader.findTemplateSource("spark/partials/navbar_en_IN.ftl"): Not found 
freemarker.log._Log4jLoggerFactory$Log4jLogger 2022-01-22 16:43:53,390 TemplateLoader.findTemplateSource("spark/partials/navbar_en.ftl"): Not found 
freemarker.log._Log4jLoggerFactory$Log4jLogger 2022-01-22 16:43:53,391 TemplateLoader.findTemplateSource("spark/partials/navbar.ftl"): Found 
freemarker.log._Log4jLoggerFactory$Log4jLogger 2022-01-22 16:43:53,392 Loading template for "spark/partials/navbar.ftl"("en_IN", UTF-8, parsed) from "jar:file:/C:/Users/Vijay/.m2/repository/com/aventstack/extentreports/5.0.8/extentreports-5.0.8.jar!/com/aventstack/extentreports/templates/spark/partials/navbar.ftl" 
freemarker.log._Log4jLoggerFactory$Log4jLogger 2022-01-22 16:43:53,407 Couldn't find template in cache for "spark/partials/sidenav.ftl"("en_IN", UTF-8, parsed); will try to load it. 
freemarker.log._Log4jLoggerFactory$Log4jLogger 2022-01-22 16:43:53,408 TemplateLoader.findTemplateSource("spark/partials/sidenav_en_IN.ftl"): Not found 
freemarker.log._Log4jLoggerFactory$Log4jLogger 2022-01-22 16:43:53,409 TemplateLoader.findTemplateSource("spark/partials/sidenav_en.ftl"): Not found 
freemarker.log._Log4jLoggerFactory$Log4jLogger 2022-01-22 16:43:53,410 TemplateLoader.findTemplateSource("spark/partials/sidenav.ftl"): Found 
freemarker.log._Log4jLoggerFactory$Log4jLogger 2022-01-22 16:43:53,411 Loading template for "spark/partials/sidenav.ftl"("en_IN", UTF-8, parsed) from "jar:file:/C:/Users/Vijay/.m2/repository/com/aventstack/extentreports/5.0.8/extentreports-5.0.8.jar!/com/aventstack/extentreports/templates/spark/partials/sidenav.ftl" 
freemarker.log._Log4jLoggerFactory$Log4jLogger 2022-01-22 16:43:53,433 Couldn't find template in cache for "spark/partials/test.ftl"("en_IN", UTF-8, parsed); will try to load it. 
freemarker.log._Log4jLoggerFactory$Log4jLogger 2022-01-22 16:43:53,434 TemplateLoader.findTemplateSource("spark/partials/test_en_IN.ftl"): Not found 
freemarker.log._Log4jLoggerFactory$Log4jLogger 2022-01-22 16:43:53,435 TemplateLoader.findTemplateSource("spark/partials/test_en.ftl"): Not found 
freemarker.log._Log4jLoggerFactory$Log4jLogger 2022-01-22 16:43:53,436 TemplateLoader.findTemplateSource("spark/partials/test.ftl"): Found 
freemarker.log._Log4jLoggerFactory$Log4jLogger 2022-01-22 16:43:53,437 Loading template for "spark/partials/test.ftl"("en_IN", UTF-8, parsed) from "jar:file:/C:/Users/Vijay/.m2/repository/com/aventstack/extentreports/5.0.8/extentreports-5.0.8.jar!/com/aventstack/extentreports/templates/spark/partials/test.ftl" 
freemarker.log._Log4jLoggerFactory$Log4jLogger 2022-01-22 16:43:53,468 Couldn't find template in cache for "spark/partials/standard-content.ftl"("en_IN", UTF-8, parsed); will try to load it. 
freemarker.log._Log4jLoggerFactory$Log4jLogger 2022-01-22 16:43:53,469 TemplateLoader.findTemplateSource("spark/partials/standard-content_en_IN.ftl"): Not found 
freemarker.log._Log4jLoggerFactory$Log4jLogger 2022-01-22 16:43:53,470 TemplateLoader.findTemplateSource("spark/partials/standard-content_en.ftl"): Not found 
freemarker.log._Log4jLoggerFactory$Log4jLogger 2022-01-22 16:43:53,472 TemplateLoader.findTemplateSource("spark/partials/standard-content.ftl"): Found 
freemarker.log._Log4jLoggerFactory$Log4jLogger 2022-01-22 16:43:53,473 Loading template for "spark/partials/standard-content.ftl"("en_IN", UTF-8, parsed) from "jar:file:/C:/Users/Vijay/.m2/repository/com/aventstack/extentreports/5.0.8/extentreports-5.0.8.jar!/com/aventstack/extentreports/templates/spark/partials/standard-content.ftl" 
freemarker.log._Log4jLoggerFactory$Log4jLogger 2022-01-22 16:43:53,492 Couldn't find template in cache for "spark/partials/exception.ftl"("en_IN", UTF-8, parsed); will try to load it. 
freemarker.log._Log4jLoggerFactory$Log4jLogger 2022-01-22 16:43:53,494 TemplateLoader.findTemplateSource("spark/partials/exception_en_IN.ftl"): Not found 
freemarker.log._Log4jLoggerFactory$Log4jLogger 2022-01-22 16:43:53,495 TemplateLoader.findTemplateSource("spark/partials/exception_en.ftl"): Not found 
freemarker.log._Log4jLoggerFactory$Log4jLogger 2022-01-22 16:43:53,496 TemplateLoader.findTemplateSource("spark/partials/exception.ftl"): Found 
freemarker.log._Log4jLoggerFactory$Log4jLogger 2022-01-22 16:43:53,497 Loading template for "spark/partials/exception.ftl"("en_IN", UTF-8, parsed) from "jar:file:/C:/Users/Vijay/.m2/repository/com/aventstack/extentreports/5.0.8/extentreports-5.0.8.jar!/com/aventstack/extentreports/templates/spark/partials/exception.ftl" 
freemarker.log._Log4jLoggerFactory$Log4jLogger 2022-01-22 16:43:53,500 Couldn't find template in cache for "spark/partials/category.ftl"("en_IN", UTF-8, parsed); will try to load it. 
freemarker.log._Log4jLoggerFactory$Log4jLogger 2022-01-22 16:43:53,501 TemplateLoader.findTemplateSource("spark/partials/category_en_IN.ftl"): Not found 
freemarker.log._Log4jLoggerFactory$Log4jLogger 2022-01-22 16:43:53,502 TemplateLoader.findTemplateSource("spark/partials/category_en.ftl"): Not found 
freemarker.log._Log4jLoggerFactory$Log4jLogger 2022-01-22 16:43:53,503 TemplateLoader.findTemplateSource("spark/partials/category.ftl"): Found 
freemarker.log._Log4jLoggerFactory$Log4jLogger 2022-01-22 16:43:53,504 Loading template for "spark/partials/category.ftl"("en_IN", UTF-8, parsed) from "jar:file:/C:/Users/Vijay/.m2/repository/com/aventstack/extentreports/5.0.8/extentreports-5.0.8.jar!/com/aventstack/extentreports/templates/spark/partials/category.ftl" 
freemarker.log._Log4jLoggerFactory$Log4jLogger 2022-01-22 16:43:53,506 Couldn't find template in cache for "spark/partials/device.ftl"("en_IN", UTF-8, parsed); will try to load it. 
freemarker.log._Log4jLoggerFactory$Log4jLogger 2022-01-22 16:43:53,507 TemplateLoader.findTemplateSource("spark/partials/device_en_IN.ftl"): Not found 
freemarker.log._Log4jLoggerFactory$Log4jLogger 2022-01-22 16:43:53,508 TemplateLoader.findTemplateSource("spark/partials/device_en.ftl"): Not found 
freemarker.log._Log4jLoggerFactory$Log4jLogger 2022-01-22 16:43:53,509 TemplateLoader.findTemplateSource("spark/partials/device.ftl"): Found 
freemarker.log._Log4jLoggerFactory$Log4jLogger 2022-01-22 16:43:53,509 Loading template for "spark/partials/device.ftl"("en_IN", UTF-8, parsed) from "jar:file:/C:/Users/Vijay/.m2/repository/com/aventstack/extentreports/5.0.8/extentreports-5.0.8.jar!/com/aventstack/extentreports/templates/spark/partials/device.ftl" 
freemarker.log._Log4jLoggerFactory$Log4jLogger 2022-01-22 16:43:53,511 Couldn't find template in cache for "spark/partials/author.ftl"("en_IN", UTF-8, parsed); will try to load it. 
freemarker.log._Log4jLoggerFactory$Log4jLogger 2022-01-22 16:43:53,517 TemplateLoader.findTemplateSource("spark/partials/author_en_IN.ftl"): Not found 
freemarker.log._Log4jLoggerFactory$Log4jLogger 2022-01-22 16:43:53,520 TemplateLoader.findTemplateSource("spark/partials/author_en.ftl"): Not found 
freemarker.log._Log4jLoggerFactory$Log4jLogger 2022-01-22 16:43:53,523 TemplateLoader.findTemplateSource("spark/partials/author.ftl"): Found 
freemarker.log._Log4jLoggerFactory$Log4jLogger 2022-01-22 16:43:53,523 Loading template for "spark/partials/author.ftl"("en_IN", UTF-8, parsed) from "jar:file:/C:/Users/Vijay/.m2/repository/com/aventstack/extentreports/5.0.8/extentreports-5.0.8.jar!/com/aventstack/extentreports/templates/spark/partials/author.ftl" 
freemarker.log._Log4jLoggerFactory$Log4jLogger 2022-01-22 16:43:53,525 Couldn't find template in cache for "spark/partials/log.ftl"("en_IN", UTF-8, parsed); will try to load it. 
freemarker.log._Log4jLoggerFactory$Log4jLogger 2022-01-22 16:43:53,526 TemplateLoader.findTemplateSource("spark/partials/log_en_IN.ftl"): Not found 
freemarker.log._Log4jLoggerFactory$Log4jLogger 2022-01-22 16:43:53,527 TemplateLoader.findTemplateSource("spark/partials/log_en.ftl"): Not found 
freemarker.log._Log4jLoggerFactory$Log4jLogger 2022-01-22 16:43:53,528 TemplateLoader.findTemplateSource("spark/partials/log.ftl"): Found 
freemarker.log._Log4jLoggerFactory$Log4jLogger 2022-01-22 16:43:53,529 Loading template for "spark/partials/log.ftl"("en_IN", UTF-8, parsed) from "jar:file:/C:/Users/Vijay/.m2/repository/com/aventstack/extentreports/5.0.8/extentreports-5.0.8.jar!/com/aventstack/extentreports/templates/spark/partials/log.ftl" 
freemarker.log._Log4jLoggerFactory$Log4jLogger 2022-01-22 16:43:53,533 Couldn't find template in cache for "spark/partials/dashboard.ftl"("en_IN", UTF-8, parsed); will try to load it. 
freemarker.log._Log4jLoggerFactory$Log4jLogger 2022-01-22 16:43:53,534 TemplateLoader.findTemplateSource("spark/partials/dashboard_en_IN.ftl"): Not found 
freemarker.log._Log4jLoggerFactory$Log4jLogger 2022-01-22 16:43:53,535 TemplateLoader.findTemplateSource("spark/partials/dashboard_en.ftl"): Not found 
freemarker.log._Log4jLoggerFactory$Log4jLogger 2022-01-22 16:43:53,535 TemplateLoader.findTemplateSource("spark/partials/dashboard.ftl"): Found 
freemarker.log._Log4jLoggerFactory$Log4jLogger 2022-01-22 16:43:53,536 Loading template for "spark/partials/dashboard.ftl"("en_IN", UTF-8, parsed) from "jar:file:/C:/Users/Vijay/.m2/repository/com/aventstack/extentreports/5.0.8/extentreports-5.0.8.jar!/com/aventstack/extentreports/templates/spark/partials/dashboard.ftl" 
freemarker.log._Log4jLoggerFactory$Log4jLogger 2022-01-22 16:43:53,583 Couldn't find template in cache for "spark/partials/scripts.ftl"("en_IN", UTF-8, parsed); will try to load it. 
freemarker.log._Log4jLoggerFactory$Log4jLogger 2022-01-22 16:43:53,584 TemplateLoader.findTemplateSource("spark/partials/scripts_en_IN.ftl"): Not found 
freemarker.log._Log4jLoggerFactory$Log4jLogger 2022-01-22 16:43:53,585 TemplateLoader.findTemplateSource("spark/partials/scripts_en.ftl"): Not found 
freemarker.log._Log4jLoggerFactory$Log4jLogger 2022-01-22 16:43:53,586 TemplateLoader.findTemplateSource("spark/partials/scripts.ftl"): Found 
freemarker.log._Log4jLoggerFactory$Log4jLogger 2022-01-22 16:43:53,587 Loading template for "spark/partials/scripts.ftl"("en_IN", UTF-8, parsed) from "jar:file:/C:/Users/Vijay/.m2/repository/com/aventstack/extentreports/5.0.8/extentreports-5.0.8.jar!/com/aventstack/extentreports/templates/spark/partials/scripts.ftl" 
freemarker.log._Log4jLoggerFactory$Log4jLogger 2022-01-22 16:43:53,589 Couldn't find template in cache for "commons/commons-inject-js.ftl"("en_IN", UTF-8, parsed); will try to load it. 
freemarker.log._Log4jLoggerFactory$Log4jLogger 2022-01-22 16:43:53,590 TemplateLoader.findTemplateSource("commons/commons-inject-js_en_IN.ftl"): Not found 
freemarker.log._Log4jLoggerFactory$Log4jLogger 2022-01-22 16:43:53,591 TemplateLoader.findTemplateSource("commons/commons-inject-js_en.ftl"): Not found 
freemarker.log._Log4jLoggerFactory$Log4jLogger 2022-01-22 16:43:53,592 TemplateLoader.findTemplateSource("commons/commons-inject-js.ftl"): Found 
freemarker.log._Log4jLoggerFactory$Log4jLogger 2022-01-22 16:43:53,593 Loading template for "commons/commons-inject-js.ftl"("en_IN", UTF-8, parsed) from "jar:file:/C:/Users/Vijay/.m2/repository/com/aventstack/extentreports/5.0.8/extentreports-5.0.8.jar!/com/aventstack/extentreports/templates/commons/commons-inject-js.ftl" 
generic.WebUtils 2022-01-23 15:31:07,891 Entering the input :vijay.udagatti 
generic.WebUtils 2022-01-23 15:31:08,048 Entering the input :chandviji 
generic.WebUtils 2022-01-23 15:31:08,138 Clicking the Element 
freemarker.log._Log4jLoggerFactory$Log4jLogger 2022-01-23 15:31:09,113 Couldn't find template in cache for "spark/spark.spa.ftl"("en_IN", UTF-8, parsed); will try to load it. 
freemarker.log._Log4jLoggerFactory$Log4jLogger 2022-01-23 15:31:09,115 TemplateLoader.findTemplateSource("spark/spark.spa_en_IN.ftl"): Not found 
freemarker.log._Log4jLoggerFactory$Log4jLogger 2022-01-23 15:31:09,117 TemplateLoader.findTemplateSource("spark/spark.spa_en.ftl"): Not found 
freemarker.log._Log4jLoggerFactory$Log4jLogger 2022-01-23 15:31:09,119 TemplateLoader.findTemplateSource("spark/spark.spa.ftl"): Found 
freemarker.log._Log4jLoggerFactory$Log4jLogger 2022-01-23 15:31:09,119 Loading template for "spark/spark.spa.ftl"("en_IN", UTF-8, parsed) from "jar:file:/C:/Users/Vijay/.m2/repository/com/aventstack/extentreports/5.0.8/extentreports-5.0.8.jar!/com/aventstack/extentreports/templates/spark/spark.spa.ftl" 
freemarker.log._Log4jLoggerFactory$Log4jLogger 2022-01-23 15:31:09,232 Couldn't find template in cache for "commons/commons-variables.ftl"("en_IN", UTF-8, parsed); will try to load it. 
freemarker.log._Log4jLoggerFactory$Log4jLogger 2022-01-23 15:31:09,234 TemplateLoader.findTemplateSource("commons/commons-variables_en_IN.ftl"): Not found 
freemarker.log._Log4jLoggerFactory$Log4jLogger 2022-01-23 15:31:09,235 TemplateLoader.findTemplateSource("commons/commons-variables_en.ftl"): Not found 
freemarker.log._Log4jLoggerFactory$Log4jLogger 2022-01-23 15:31:09,237 TemplateLoader.findTemplateSource("commons/commons-variables.ftl"): Found 
freemarker.log._Log4jLoggerFactory$Log4jLogger 2022-01-23 15:31:09,238 Loading template for "commons/commons-variables.ftl"("en_IN", UTF-8, parsed) from "jar:file:/C:/Users/Vijay/.m2/repository/com/aventstack/extentreports/5.0.8/extentreports-5.0.8.jar!/com/aventstack/extentreports/templates/commons/commons-variables.ftl" 
freemarker.log._Log4jLoggerFactory$Log4jLogger 2022-01-23 15:31:09,409 Couldn't find template in cache for "commons/commons-macros.ftl"("en_IN", UTF-8, parsed); will try to load it. 
freemarker.log._Log4jLoggerFactory$Log4jLogger 2022-01-23 15:31:09,410 TemplateLoader.findTemplateSource("commons/commons-macros_en_IN.ftl"): Not found 
freemarker.log._Log4jLoggerFactory$Log4jLogger 2022-01-23 15:31:09,411 TemplateLoader.findTemplateSource("commons/commons-macros_en.ftl"): Not found 
freemarker.log._Log4jLoggerFactory$Log4jLogger 2022-01-23 15:31:09,413 TemplateLoader.findTemplateSource("commons/commons-macros.ftl"): Found 
freemarker.log._Log4jLoggerFactory$Log4jLogger 2022-01-23 15:31:09,413 Loading template for "commons/commons-macros.ftl"("en_IN", UTF-8, parsed) from "jar:file:/C:/Users/Vijay/.m2/repository/com/aventstack/extentreports/5.0.8/extentreports-5.0.8.jar!/com/aventstack/extentreports/templates/commons/commons-macros.ftl" 
freemarker.log._Log4jLoggerFactory$Log4jLogger 2022-01-23 15:31:09,431 Couldn't find template in cache for "spark/macros/attributes.ftl"("en_IN", UTF-8, parsed); will try to load it. 
freemarker.log._Log4jLoggerFactory$Log4jLogger 2022-01-23 15:31:09,432 TemplateLoader.findTemplateSource("spark/macros/attributes_en_IN.ftl"): Not found 
freemarker.log._Log4jLoggerFactory$Log4jLogger 2022-01-23 15:31:09,433 TemplateLoader.findTemplateSource("spark/macros/attributes_en.ftl"): Not found 
freemarker.log._Log4jLoggerFactory$Log4jLogger 2022-01-23 15:31:09,437 TemplateLoader.findTemplateSource("spark/macros/attributes.ftl"): Found 
freemarker.log._Log4jLoggerFactory$Log4jLogger 2022-01-23 15:31:09,438 Loading template for "spark/macros/attributes.ftl"("en_IN", UTF-8, parsed) from "jar:file:/C:/Users/Vijay/.m2/repository/com/aventstack/extentreports/5.0.8/extentreports-5.0.8.jar!/com/aventstack/extentreports/templates/spark/macros/attributes.ftl" 
freemarker.log._Log4jLoggerFactory$Log4jLogger 2022-01-23 15:31:09,442 Couldn't find template in cache for "spark/macros/log.ftl"("en_IN", UTF-8, parsed); will try to load it. 
freemarker.log._Log4jLoggerFactory$Log4jLogger 2022-01-23 15:31:09,443 TemplateLoader.findTemplateSource("spark/macros/log_en_IN.ftl"): Not found 
freemarker.log._Log4jLoggerFactory$Log4jLogger 2022-01-23 15:31:09,445 TemplateLoader.findTemplateSource("spark/macros/log_en.ftl"): Not found 
freemarker.log._Log4jLoggerFactory$Log4jLogger 2022-01-23 15:31:09,446 TemplateLoader.findTemplateSource("spark/macros/log.ftl"): Found 
freemarker.log._Log4jLoggerFactory$Log4jLogger 2022-01-23 15:31:09,447 Loading template for "spark/macros/log.ftl"("en_IN", UTF-8, parsed) from "jar:file:/C:/Users/Vijay/.m2/repository/com/aventstack/extentreports/5.0.8/extentreports-5.0.8.jar!/com/aventstack/extentreports/templates/spark/macros/log.ftl" 
freemarker.log._Log4jLoggerFactory$Log4jLogger 2022-01-23 15:31:09,451 Couldn't find template in cache for "spark/macros/recurse_nodes.ftl"("en_IN", UTF-8, parsed); will try to load it. 
freemarker.log._Log4jLoggerFactory$Log4jLogger 2022-01-23 15:31:09,452 TemplateLoader.findTemplateSource("spark/macros/recurse_nodes_en_IN.ftl"): Not found 
freemarker.log._Log4jLoggerFactory$Log4jLogger 2022-01-23 15:31:09,454 TemplateLoader.findTemplateSource("spark/macros/recurse_nodes_en.ftl"): Not found 
freemarker.log._Log4jLoggerFactory$Log4jLogger 2022-01-23 15:31:09,455 TemplateLoader.findTemplateSource("spark/macros/recurse_nodes.ftl"): Found 
freemarker.log._Log4jLoggerFactory$Log4jLogger 2022-01-23 15:31:09,455 Loading template for "spark/macros/recurse_nodes.ftl"("en_IN", UTF-8, parsed) from "jar:file:/C:/Users/Vijay/.m2/repository/com/aventstack/extentreports/5.0.8/extentreports-5.0.8.jar!/com/aventstack/extentreports/templates/spark/macros/recurse_nodes.ftl" 
freemarker.log._Log4jLoggerFactory$Log4jLogger 2022-01-23 15:31:09,465 "spark/macros/log.ftl"("en_IN", UTF-8, parsed) cached copy not yet stale; using cached. 
freemarker.log._Log4jLoggerFactory$Log4jLogger 2022-01-23 15:31:09,466 Couldn't find template in cache for "spark/macros/attr-common.ftl"("en_IN", UTF-8, parsed); will try to load it. 
freemarker.log._Log4jLoggerFactory$Log4jLogger 2022-01-23 15:31:09,467 TemplateLoader.findTemplateSource("spark/macros/attr-common_en_IN.ftl"): Not found 
freemarker.log._Log4jLoggerFactory$Log4jLogger 2022-01-23 15:31:09,468 TemplateLoader.findTemplateSource("spark/macros/attr-common_en.ftl"): Not found 
freemarker.log._Log4jLoggerFactory$Log4jLogger 2022-01-23 15:31:09,485 TemplateLoader.findTemplateSource("spark/macros/attr-common.ftl"): Found 
freemarker.log._Log4jLoggerFactory$Log4jLogger 2022-01-23 15:31:09,489 Loading template for "spark/macros/attr-common.ftl"("en_IN", UTF-8, parsed) from "jar:file:/C:/Users/Vijay/.m2/repository/com/aventstack/extentreports/5.0.8/extentreports-5.0.8.jar!/com/aventstack/extentreports/templates/spark/macros/attr-common.ftl" 
freemarker.log._Log4jLoggerFactory$Log4jLogger 2022-01-23 15:31:09,511 Couldn't find template in cache for "spark/partials/head.ftl"("en_IN", UTF-8, parsed); will try to load it. 
freemarker.log._Log4jLoggerFactory$Log4jLogger 2022-01-23 15:31:09,517 TemplateLoader.findTemplateSource("spark/partials/head_en_IN.ftl"): Not found 
freemarker.log._Log4jLoggerFactory$Log4jLogger 2022-01-23 15:31:09,518 TemplateLoader.findTemplateSource("spark/partials/head_en.ftl"): Not found 
freemarker.log._Log4jLoggerFactory$Log4jLogger 2022-01-23 15:31:09,521 TemplateLoader.findTemplateSource("spark/partials/head.ftl"): Found 
freemarker.log._Log4jLoggerFactory$Log4jLogger 2022-01-23 15:31:09,524 Loading template for "spark/partials/head.ftl"("en_IN", UTF-8, parsed) from "jar:file:/C:/Users/Vijay/.m2/repository/com/aventstack/extentreports/5.0.8/extentreports-5.0.8.jar!/com/aventstack/extentreports/templates/spark/partials/head.ftl" 
freemarker.log._Log4jLoggerFactory$Log4jLogger 2022-01-23 15:31:09,530 Couldn't find template in cache for "commons/commons-inject-css.ftl"("en_IN", UTF-8, parsed); will try to load it. 
freemarker.log._Log4jLoggerFactory$Log4jLogger 2022-01-23 15:31:09,531 TemplateLoader.findTemplateSource("commons/commons-inject-css_en_IN.ftl"): Not found 
freemarker.log._Log4jLoggerFactory$Log4jLogger 2022-01-23 15:31:09,532 TemplateLoader.findTemplateSource("commons/commons-inject-css_en.ftl"): Not found 
freemarker.log._Log4jLoggerFactory$Log4jLogger 2022-01-23 15:31:09,534 TemplateLoader.findTemplateSource("commons/commons-inject-css.ftl"): Found 
freemarker.log._Log4jLoggerFactory$Log4jLogger 2022-01-23 15:31:09,536 Loading template for "commons/commons-inject-css.ftl"("en_IN", UTF-8, parsed) from "jar:file:/C:/Users/Vijay/.m2/repository/com/aventstack/extentreports/5.0.8/extentreports-5.0.8.jar!/com/aventstack/extentreports/templates/commons/commons-inject-css.ftl" 
freemarker.log._Log4jLoggerFactory$Log4jLogger 2022-01-23 15:31:09,539 Couldn't find template in cache for "spark/partials/navbar.ftl"("en_IN", UTF-8, parsed); will try to load it. 
freemarker.log._Log4jLoggerFactory$Log4jLogger 2022-01-23 15:31:09,542 TemplateLoader.findTemplateSource("spark/partials/navbar_en_IN.ftl"): Not found 
freemarker.log._Log4jLoggerFactory$Log4jLogger 2022-01-23 15:31:09,543 TemplateLoader.findTemplateSource("spark/partials/navbar_en.ftl"): Not found 
freemarker.log._Log4jLoggerFactory$Log4jLogger 2022-01-23 15:31:09,546 TemplateLoader.findTemplateSource("spark/partials/navbar.ftl"): Found 
freemarker.log._Log4jLoggerFactory$Log4jLogger 2022-01-23 15:31:09,546 Loading template for "spark/partials/navbar.ftl"("en_IN", UTF-8, parsed) from "jar:file:/C:/Users/Vijay/.m2/repository/com/aventstack/extentreports/5.0.8/extentreports-5.0.8.jar!/com/aventstack/extentreports/templates/spark/partials/navbar.ftl" 
freemarker.log._Log4jLoggerFactory$Log4jLogger 2022-01-23 15:31:09,557 Couldn't find template in cache for "spark/partials/sidenav.ftl"("en_IN", UTF-8, parsed); will try to load it. 
freemarker.log._Log4jLoggerFactory$Log4jLogger 2022-01-23 15:31:09,558 TemplateLoader.findTemplateSource("spark/partials/sidenav_en_IN.ftl"): Not found 
freemarker.log._Log4jLoggerFactory$Log4jLogger 2022-01-23 15:31:09,559 TemplateLoader.findTemplateSource("spark/partials/sidenav_en.ftl"): Not found 
freemarker.log._Log4jLoggerFactory$Log4jLogger 2022-01-23 15:31:09,560 TemplateLoader.findTemplateSource("spark/partials/sidenav.ftl"): Found 
freemarker.log._Log4jLoggerFactory$Log4jLogger 2022-01-23 15:31:09,561 Loading template for "spark/partials/sidenav.ftl"("en_IN", UTF-8, parsed) from "jar:file:/C:/Users/Vijay/.m2/repository/com/aventstack/extentreports/5.0.8/extentreports-5.0.8.jar!/com/aventstack/extentreports/templates/spark/partials/sidenav.ftl" 
freemarker.log._Log4jLoggerFactory$Log4jLogger 2022-01-23 15:31:09,589 Couldn't find template in cache for "spark/partials/test.ftl"("en_IN", UTF-8, parsed); will try to load it. 
freemarker.log._Log4jLoggerFactory$Log4jLogger 2022-01-23 15:31:09,591 TemplateLoader.findTemplateSource("spark/partials/test_en_IN.ftl"): Not found 
freemarker.log._Log4jLoggerFactory$Log4jLogger 2022-01-23 15:31:09,592 TemplateLoader.findTemplateSource("spark/partials/test_en.ftl"): Not found 
freemarker.log._Log4jLoggerFactory$Log4jLogger 2022-01-23 15:31:09,593 TemplateLoader.findTemplateSource("spark/partials/test.ftl"): Found 
freemarker.log._Log4jLoggerFactory$Log4jLogger 2022-01-23 15:31:09,595 Loading template for "spark/partials/test.ftl"("en_IN", UTF-8, parsed) from "jar:file:/C:/Users/Vijay/.m2/repository/com/aventstack/extentreports/5.0.8/extentreports-5.0.8.jar!/com/aventstack/extentreports/templates/spark/partials/test.ftl" 
freemarker.log._Log4jLoggerFactory$Log4jLogger 2022-01-23 15:31:09,636 Couldn't find template in cache for "spark/partials/standard-content.ftl"("en_IN", UTF-8, parsed); will try to load it. 
freemarker.log._Log4jLoggerFactory$Log4jLogger 2022-01-23 15:31:09,638 TemplateLoader.findTemplateSource("spark/partials/standard-content_en_IN.ftl"): Not found 
freemarker.log._Log4jLoggerFactory$Log4jLogger 2022-01-23 15:31:09,639 TemplateLoader.findTemplateSource("spark/partials/standard-content_en.ftl"): Not found 
freemarker.log._Log4jLoggerFactory$Log4jLogger 2022-01-23 15:31:09,640 TemplateLoader.findTemplateSource("spark/partials/standard-content.ftl"): Found 
freemarker.log._Log4jLoggerFactory$Log4jLogger 2022-01-23 15:31:09,642 Loading template for "spark/partials/standard-content.ftl"("en_IN", UTF-8, parsed) from "jar:file:/C:/Users/Vijay/.m2/repository/com/aventstack/extentreports/5.0.8/extentreports-5.0.8.jar!/com/aventstack/extentreports/templates/spark/partials/standard-content.ftl" 
freemarker.log._Log4jLoggerFactory$Log4jLogger 2022-01-23 15:31:09,656 Couldn't find template in cache for "spark/partials/exception.ftl"("en_IN", UTF-8, parsed); will try to load it. 
freemarker.log._Log4jLoggerFactory$Log4jLogger 2022-01-23 15:31:09,657 TemplateLoader.findTemplateSource("spark/partials/exception_en_IN.ftl"): Not found 
freemarker.log._Log4jLoggerFactory$Log4jLogger 2022-01-23 15:31:09,658 TemplateLoader.findTemplateSource("spark/partials/exception_en.ftl"): Not found 
freemarker.log._Log4jLoggerFactory$Log4jLogger 2022-01-23 15:31:09,659 TemplateLoader.findTemplateSource("spark/partials/exception.ftl"): Found 
freemarker.log._Log4jLoggerFactory$Log4jLogger 2022-01-23 15:31:09,660 Loading template for "spark/partials/exception.ftl"("en_IN", UTF-8, parsed) from "jar:file:/C:/Users/Vijay/.m2/repository/com/aventstack/extentreports/5.0.8/extentreports-5.0.8.jar!/com/aventstack/extentreports/templates/spark/partials/exception.ftl" 
freemarker.log._Log4jLoggerFactory$Log4jLogger 2022-01-23 15:31:09,663 Couldn't find template in cache for "spark/partials/category.ftl"("en_IN", UTF-8, parsed); will try to load it. 
freemarker.log._Log4jLoggerFactory$Log4jLogger 2022-01-23 15:31:09,664 TemplateLoader.findTemplateSource("spark/partials/category_en_IN.ftl"): Not found 
freemarker.log._Log4jLoggerFactory$Log4jLogger 2022-01-23 15:31:09,665 TemplateLoader.findTemplateSource("spark/partials/category_en.ftl"): Not found 
freemarker.log._Log4jLoggerFactory$Log4jLogger 2022-01-23 15:31:09,666 TemplateLoader.findTemplateSource("spark/partials/category.ftl"): Found 
freemarker.log._Log4jLoggerFactory$Log4jLogger 2022-01-23 15:31:09,666 Loading template for "spark/partials/category.ftl"("en_IN", UTF-8, parsed) from "jar:file:/C:/Users/Vijay/.m2/repository/com/aventstack/extentreports/5.0.8/extentreports-5.0.8.jar!/com/aventstack/extentreports/templates/spark/partials/category.ftl" 
freemarker.log._Log4jLoggerFactory$Log4jLogger 2022-01-23 15:31:09,668 Couldn't find template in cache for "spark/partials/device.ftl"("en_IN", UTF-8, parsed); will try to load it. 
freemarker.log._Log4jLoggerFactory$Log4jLogger 2022-01-23 15:31:09,670 TemplateLoader.findTemplateSource("spark/partials/device_en_IN.ftl"): Not found 
freemarker.log._Log4jLoggerFactory$Log4jLogger 2022-01-23 15:31:09,671 TemplateLoader.findTemplateSource("spark/partials/device_en.ftl"): Not found 
freemarker.log._Log4jLoggerFactory$Log4jLogger 2022-01-23 15:31:09,671 TemplateLoader.findTemplateSource("spark/partials/device.ftl"): Found 
freemarker.log._Log4jLoggerFactory$Log4jLogger 2022-01-23 15:31:09,672 Loading template for "spark/partials/device.ftl"("en_IN", UTF-8, parsed) from "jar:file:/C:/Users/Vijay/.m2/repository/com/aventstack/extentreports/5.0.8/extentreports-5.0.8.jar!/com/aventstack/extentreports/templates/spark/partials/device.ftl" 
freemarker.log._Log4jLoggerFactory$Log4jLogger 2022-01-23 15:31:09,674 Couldn't find template in cache for "spark/partials/author.ftl"("en_IN", UTF-8, parsed); will try to load it. 
freemarker.log._Log4jLoggerFactory$Log4jLogger 2022-01-23 15:31:09,675 TemplateLoader.findTemplateSource("spark/partials/author_en_IN.ftl"): Not found 
freemarker.log._Log4jLoggerFactory$Log4jLogger 2022-01-23 15:31:09,677 TemplateLoader.findTemplateSource("spark/partials/author_en.ftl"): Not found 
freemarker.log._Log4jLoggerFactory$Log4jLogger 2022-01-23 15:31:09,678 TemplateLoader.findTemplateSource("spark/partials/author.ftl"): Found 
freemarker.log._Log4jLoggerFactory$Log4jLogger 2022-01-23 15:31:09,679 Loading template for "spark/partials/author.ftl"("en_IN", UTF-8, parsed) from "jar:file:/C:/Users/Vijay/.m2/repository/com/aventstack/extentreports/5.0.8/extentreports-5.0.8.jar!/com/aventstack/extentreports/templates/spark/partials/author.ftl" 
freemarker.log._Log4jLoggerFactory$Log4jLogger 2022-01-23 15:31:09,681 Couldn't find template in cache for "spark/partials/log.ftl"("en_IN", UTF-8, parsed); will try to load it. 
freemarker.log._Log4jLoggerFactory$Log4jLogger 2022-01-23 15:31:09,682 TemplateLoader.findTemplateSource("spark/partials/log_en_IN.ftl"): Not found 
freemarker.log._Log4jLoggerFactory$Log4jLogger 2022-01-23 15:31:09,683 TemplateLoader.findTemplateSource("spark/partials/log_en.ftl"): Not found 
freemarker.log._Log4jLoggerFactory$Log4jLogger 2022-01-23 15:31:09,684 TemplateLoader.findTemplateSource("spark/partials/log.ftl"): Found 
freemarker.log._Log4jLoggerFactory$Log4jLogger 2022-01-23 15:31:09,685 Loading template for "spark/partials/log.ftl"("en_IN", UTF-8, parsed) from "jar:file:/C:/Users/Vijay/.m2/repository/com/aventstack/extentreports/5.0.8/extentreports-5.0.8.jar!/com/aventstack/extentreports/templates/spark/partials/log.ftl" 
freemarker.log._Log4jLoggerFactory$Log4jLogger 2022-01-23 15:31:09,688 Couldn't find template in cache for "spark/partials/dashboard.ftl"("en_IN", UTF-8, parsed); will try to load it. 
freemarker.log._Log4jLoggerFactory$Log4jLogger 2022-01-23 15:31:09,689 TemplateLoader.findTemplateSource("spark/partials/dashboard_en_IN.ftl"): Not found 
freemarker.log._Log4jLoggerFactory$Log4jLogger 2022-01-23 15:31:09,690 TemplateLoader.findTemplateSource("spark/partials/dashboard_en.ftl"): Not found 
freemarker.log._Log4jLoggerFactory$Log4jLogger 2022-01-23 15:31:09,691 TemplateLoader.findTemplateSource("spark/partials/dashboard.ftl"): Found 
freemarker.log._Log4jLoggerFactory$Log4jLogger 2022-01-23 15:31:09,691 Loading template for "spark/partials/dashboard.ftl"("en_IN", UTF-8, parsed) from "jar:file:/C:/Users/Vijay/.m2/repository/com/aventstack/extentreports/5.0.8/extentreports-5.0.8.jar!/com/aventstack/extentreports/templates/spark/partials/dashboard.ftl" 
freemarker.log._Log4jLoggerFactory$Log4jLogger 2022-01-23 15:31:09,770 Couldn't find template in cache for "spark/partials/scripts.ftl"("en_IN", UTF-8, parsed); will try to load it. 
freemarker.log._Log4jLoggerFactory$Log4jLogger 2022-01-23 15:31:09,774 TemplateLoader.findTemplateSource("spark/partials/scripts_en_IN.ftl"): Not found 
freemarker.log._Log4jLoggerFactory$Log4jLogger 2022-01-23 15:31:09,784 TemplateLoader.findTemplateSource("spark/partials/scripts_en.ftl"): Not found 
freemarker.log._Log4jLoggerFactory$Log4jLogger 2022-01-23 15:31:09,785 TemplateLoader.findTemplateSource("spark/partials/scripts.ftl"): Found 
freemarker.log._Log4jLoggerFactory$Log4jLogger 2022-01-23 15:31:09,786 Loading template for "spark/partials/scripts.ftl"("en_IN", UTF-8, parsed) from "jar:file:/C:/Users/Vijay/.m2/repository/com/aventstack/extentreports/5.0.8/extentreports-5.0.8.jar!/com/aventstack/extentreports/templates/spark/partials/scripts.ftl" 
freemarker.log._Log4jLoggerFactory$Log4jLogger 2022-01-23 15:31:09,788 Couldn't find template in cache for "commons/commons-inject-js.ftl"("en_IN", UTF-8, parsed); will try to load it. 
freemarker.log._Log4jLoggerFactory$Log4jLogger 2022-01-23 15:31:09,790 TemplateLoader.findTemplateSource("commons/commons-inject-js_en_IN.ftl"): Not found 
freemarker.log._Log4jLoggerFactory$Log4jLogger 2022-01-23 15:31:09,792 TemplateLoader.findTemplateSource("commons/commons-inject-js_en.ftl"): Not found 
freemarker.log._Log4jLoggerFactory$Log4jLogger 2022-01-23 15:31:09,794 TemplateLoader.findTemplateSource("commons/commons-inject-js.ftl"): Found 
freemarker.log._Log4jLoggerFactory$Log4jLogger 2022-01-23 15:31:09,795 Loading template for "commons/commons-inject-js.ftl"("en_IN", UTF-8, parsed) from "jar:file:/C:/Users/Vijay/.m2/repository/com/aventstack/extentreports/5.0.8/extentreports-5.0.8.jar!/com/aventstack/extentreports/templates/commons/commons-inject-js.ftl" 
generic.WebUtils 2022-01-23 17:17:19,292 Entering the input :vijay.udagatti 
generic.WebUtils 2022-01-23 17:17:19,429 Entering the input :chandviji 
generic.WebUtils 2022-01-23 17:17:19,530 Clicking the Element 
freemarker.log._Log4jLoggerFactory$Log4jLogger 2022-01-23 17:17:20,506 Couldn't find template in cache for "spark/spark.spa.ftl"("en_IN", UTF-8, parsed); will try to load it. 
freemarker.log._Log4jLoggerFactory$Log4jLogger 2022-01-23 17:17:20,508 TemplateLoader.findTemplateSource("spark/spark.spa_en_IN.ftl"): Not found 
freemarker.log._Log4jLoggerFactory$Log4jLogger 2022-01-23 17:17:20,510 TemplateLoader.findTemplateSource("spark/spark.spa_en.ftl"): Not found 
freemarker.log._Log4jLoggerFactory$Log4jLogger 2022-01-23 17:17:20,512 TemplateLoader.findTemplateSource("spark/spark.spa.ftl"): Found 
freemarker.log._Log4jLoggerFactory$Log4jLogger 2022-01-23 17:17:20,513 Loading template for "spark/spark.spa.ftl"("en_IN", UTF-8, parsed) from "jar:file:/C:/Users/Vijay/.m2/repository/com/aventstack/extentreports/5.0.8/extentreports-5.0.8.jar!/com/aventstack/extentreports/templates/spark/spark.spa.ftl" 
freemarker.log._Log4jLoggerFactory$Log4jLogger 2022-01-23 17:17:20,615 Couldn't find template in cache for "commons/commons-variables.ftl"("en_IN", UTF-8, parsed); will try to load it. 
freemarker.log._Log4jLoggerFactory$Log4jLogger 2022-01-23 17:17:20,618 TemplateLoader.findTemplateSource("commons/commons-variables_en_IN.ftl"): Not found 
freemarker.log._Log4jLoggerFactory$Log4jLogger 2022-01-23 17:17:20,621 TemplateLoader.findTemplateSource("commons/commons-variables_en.ftl"): Not found 
freemarker.log._Log4jLoggerFactory$Log4jLogger 2022-01-23 17:17:20,623 TemplateLoader.findTemplateSource("commons/commons-variables.ftl"): Found 
freemarker.log._Log4jLoggerFactory$Log4jLogger 2022-01-23 17:17:20,624 Loading template for "commons/commons-variables.ftl"("en_IN", UTF-8, parsed) from "jar:file:/C:/Users/Vijay/.m2/repository/com/aventstack/extentreports/5.0.8/extentreports-5.0.8.jar!/com/aventstack/extentreports/templates/commons/commons-variables.ftl" 
freemarker.log._Log4jLoggerFactory$Log4jLogger 2022-01-23 17:17:20,803 Couldn't find template in cache for "commons/commons-macros.ftl"("en_IN", UTF-8, parsed); will try to load it. 
freemarker.log._Log4jLoggerFactory$Log4jLogger 2022-01-23 17:17:20,805 TemplateLoader.findTemplateSource("commons/commons-macros_en_IN.ftl"): Not found 
freemarker.log._Log4jLoggerFactory$Log4jLogger 2022-01-23 17:17:20,806 TemplateLoader.findTemplateSource("commons/commons-macros_en.ftl"): Not found 
freemarker.log._Log4jLoggerFactory$Log4jLogger 2022-01-23 17:17:20,808 TemplateLoader.findTemplateSource("commons/commons-macros.ftl"): Found 
freemarker.log._Log4jLoggerFactory$Log4jLogger 2022-01-23 17:17:20,809 Loading template for "commons/commons-macros.ftl"("en_IN", UTF-8, parsed) from "jar:file:/C:/Users/Vijay/.m2/repository/com/aventstack/extentreports/5.0.8/extentreports-5.0.8.jar!/com/aventstack/extentreports/templates/commons/commons-macros.ftl" 
freemarker.log._Log4jLoggerFactory$Log4jLogger 2022-01-23 17:17:20,825 Couldn't find template in cache for "spark/macros/attributes.ftl"("en_IN", UTF-8, parsed); will try to load it. 
freemarker.log._Log4jLoggerFactory$Log4jLogger 2022-01-23 17:17:20,827 TemplateLoader.findTemplateSource("spark/macros/attributes_en_IN.ftl"): Not found 
freemarker.log._Log4jLoggerFactory$Log4jLogger 2022-01-23 17:17:20,828 TemplateLoader.findTemplateSource("spark/macros/attributes_en.ftl"): Not found 
freemarker.log._Log4jLoggerFactory$Log4jLogger 2022-01-23 17:17:20,829 TemplateLoader.findTemplateSource("spark/macros/attributes.ftl"): Found 
freemarker.log._Log4jLoggerFactory$Log4jLogger 2022-01-23 17:17:20,830 Loading template for "spark/macros/attributes.ftl"("en_IN", UTF-8, parsed) from "jar:file:/C:/Users/Vijay/.m2/repository/com/aventstack/extentreports/5.0.8/extentreports-5.0.8.jar!/com/aventstack/extentreports/templates/spark/macros/attributes.ftl" 
freemarker.log._Log4jLoggerFactory$Log4jLogger 2022-01-23 17:17:20,834 Couldn't find template in cache for "spark/macros/log.ftl"("en_IN", UTF-8, parsed); will try to load it. 
freemarker.log._Log4jLoggerFactory$Log4jLogger 2022-01-23 17:17:20,836 TemplateLoader.findTemplateSource("spark/macros/log_en_IN.ftl"): Not found 
freemarker.log._Log4jLoggerFactory$Log4jLogger 2022-01-23 17:17:20,837 TemplateLoader.findTemplateSource("spark/macros/log_en.ftl"): Not found 
freemarker.log._Log4jLoggerFactory$Log4jLogger 2022-01-23 17:17:20,839 TemplateLoader.findTemplateSource("spark/macros/log.ftl"): Found 
freemarker.log._Log4jLoggerFactory$Log4jLogger 2022-01-23 17:17:20,839 Loading template for "spark/macros/log.ftl"("en_IN", UTF-8, parsed) from "jar:file:/C:/Users/Vijay/.m2/repository/com/aventstack/extentreports/5.0.8/extentreports-5.0.8.jar!/com/aventstack/extentreports/templates/spark/macros/log.ftl" 
freemarker.log._Log4jLoggerFactory$Log4jLogger 2022-01-23 17:17:20,845 Couldn't find template in cache for "spark/macros/recurse_nodes.ftl"("en_IN", UTF-8, parsed); will try to load it. 
freemarker.log._Log4jLoggerFactory$Log4jLogger 2022-01-23 17:17:20,846 TemplateLoader.findTemplateSource("spark/macros/recurse_nodes_en_IN.ftl"): Not found 
freemarker.log._Log4jLoggerFactory$Log4jLogger 2022-01-23 17:17:20,847 TemplateLoader.findTemplateSource("spark/macros/recurse_nodes_en.ftl"): Not found 
freemarker.log._Log4jLoggerFactory$Log4jLogger 2022-01-23 17:17:20,849 TemplateLoader.findTemplateSource("spark/macros/recurse_nodes.ftl"): Found 
freemarker.log._Log4jLoggerFactory$Log4jLogger 2022-01-23 17:17:20,849 Loading template for "spark/macros/recurse_nodes.ftl"("en_IN", UTF-8, parsed) from "jar:file:/C:/Users/Vijay/.m2/repository/com/aventstack/extentreports/5.0.8/extentreports-5.0.8.jar!/com/aventstack/extentreports/templates/spark/macros/recurse_nodes.ftl" 
freemarker.log._Log4jLoggerFactory$Log4jLogger 2022-01-23 17:17:20,866 "spark/macros/log.ftl"("en_IN", UTF-8, parsed) cached copy not yet stale; using cached. 
freemarker.log._Log4jLoggerFactory$Log4jLogger 2022-01-23 17:17:20,867 Couldn't find template in cache for "spark/macros/attr-common.ftl"("en_IN", UTF-8, parsed); will try to load it. 
freemarker.log._Log4jLoggerFactory$Log4jLogger 2022-01-23 17:17:20,868 TemplateLoader.findTemplateSource("spark/macros/attr-common_en_IN.ftl"): Not found 
freemarker.log._Log4jLoggerFactory$Log4jLogger 2022-01-23 17:17:20,870 TemplateLoader.findTemplateSource("spark/macros/attr-common_en.ftl"): Not found 
freemarker.log._Log4jLoggerFactory$Log4jLogger 2022-01-23 17:17:20,872 TemplateLoader.findTemplateSource("spark/macros/attr-common.ftl"): Found 
freemarker.log._Log4jLoggerFactory$Log4jLogger 2022-01-23 17:17:20,872 Loading template for "spark/macros/attr-common.ftl"("en_IN", UTF-8, parsed) from "jar:file:/C:/Users/Vijay/.m2/repository/com/aventstack/extentreports/5.0.8/extentreports-5.0.8.jar!/com/aventstack/extentreports/templates/spark/macros/attr-common.ftl" 
freemarker.log._Log4jLoggerFactory$Log4jLogger 2022-01-23 17:17:20,890 Couldn't find template in cache for "spark/partials/head.ftl"("en_IN", UTF-8, parsed); will try to load it. 
freemarker.log._Log4jLoggerFactory$Log4jLogger 2022-01-23 17:17:20,891 TemplateLoader.findTemplateSource("spark/partials/head_en_IN.ftl"): Not found 
freemarker.log._Log4jLoggerFactory$Log4jLogger 2022-01-23 17:17:20,893 TemplateLoader.findTemplateSource("spark/partials/head_en.ftl"): Not found 
freemarker.log._Log4jLoggerFactory$Log4jLogger 2022-01-23 17:17:20,894 TemplateLoader.findTemplateSource("spark/partials/head.ftl"): Found 
freemarker.log._Log4jLoggerFactory$Log4jLogger 2022-01-23 17:17:20,895 Loading template for "spark/partials/head.ftl"("en_IN", UTF-8, parsed) from "jar:file:/C:/Users/Vijay/.m2/repository/com/aventstack/extentreports/5.0.8/extentreports-5.0.8.jar!/com/aventstack/extentreports/templates/spark/partials/head.ftl" 
freemarker.log._Log4jLoggerFactory$Log4jLogger 2022-01-23 17:17:20,901 Couldn't find template in cache for "commons/commons-inject-css.ftl"("en_IN", UTF-8, parsed); will try to load it. 
freemarker.log._Log4jLoggerFactory$Log4jLogger 2022-01-23 17:17:20,902 TemplateLoader.findTemplateSource("commons/commons-inject-css_en_IN.ftl"): Not found 
freemarker.log._Log4jLoggerFactory$Log4jLogger 2022-01-23 17:17:20,903 TemplateLoader.findTemplateSource("commons/commons-inject-css_en.ftl"): Not found 
freemarker.log._Log4jLoggerFactory$Log4jLogger 2022-01-23 17:17:20,904 TemplateLoader.findTemplateSource("commons/commons-inject-css.ftl"): Found 
freemarker.log._Log4jLoggerFactory$Log4jLogger 2022-01-23 17:17:20,909 Loading template for "commons/commons-inject-css.ftl"("en_IN", UTF-8, parsed) from "jar:file:/C:/Users/Vijay/.m2/repository/com/aventstack/extentreports/5.0.8/extentreports-5.0.8.jar!/com/aventstack/extentreports/templates/commons/commons-inject-css.ftl" 
freemarker.log._Log4jLoggerFactory$Log4jLogger 2022-01-23 17:17:20,911 Couldn't find template in cache for "spark/partials/navbar.ftl"("en_IN", UTF-8, parsed); will try to load it. 
freemarker.log._Log4jLoggerFactory$Log4jLogger 2022-01-23 17:17:20,912 TemplateLoader.findTemplateSource("spark/partials/navbar_en_IN.ftl"): Not found 
freemarker.log._Log4jLoggerFactory$Log4jLogger 2022-01-23 17:17:20,914 TemplateLoader.findTemplateSource("spark/partials/navbar_en.ftl"): Not found 
freemarker.log._Log4jLoggerFactory$Log4jLogger 2022-01-23 17:17:20,915 TemplateLoader.findTemplateSource("spark/partials/navbar.ftl"): Found 
freemarker.log._Log4jLoggerFactory$Log4jLogger 2022-01-23 17:17:20,916 Loading template for "spark/partials/navbar.ftl"("en_IN", UTF-8, parsed) from "jar:file:/C:/Users/Vijay/.m2/repository/com/aventstack/extentreports/5.0.8/extentreports-5.0.8.jar!/com/aventstack/extentreports/templates/spark/partials/navbar.ftl" 
freemarker.log._Log4jLoggerFactory$Log4jLogger 2022-01-23 17:17:20,926 Couldn't find template in cache for "spark/partials/sidenav.ftl"("en_IN", UTF-8, parsed); will try to load it. 
freemarker.log._Log4jLoggerFactory$Log4jLogger 2022-01-23 17:17:20,927 TemplateLoader.findTemplateSource("spark/partials/sidenav_en_IN.ftl"): Not found 
freemarker.log._Log4jLoggerFactory$Log4jLogger 2022-01-23 17:17:20,928 TemplateLoader.findTemplateSource("spark/partials/sidenav_en.ftl"): Not found 
freemarker.log._Log4jLoggerFactory$Log4jLogger 2022-01-23 17:17:20,930 TemplateLoader.findTemplateSource("spark/partials/sidenav.ftl"): Found 
freemarker.log._Log4jLoggerFactory$Log4jLogger 2022-01-23 17:17:20,931 Loading template for "spark/partials/sidenav.ftl"("en_IN", UTF-8, parsed) from "jar:file:/C:/Users/Vijay/.m2/repository/com/aventstack/extentreports/5.0.8/extentreports-5.0.8.jar!/com/aventstack/extentreports/templates/spark/partials/sidenav.ftl" 
freemarker.log._Log4jLoggerFactory$Log4jLogger 2022-01-23 17:17:20,950 Couldn't find template in cache for "spark/partials/test.ftl"("en_IN", UTF-8, parsed); will try to load it. 
freemarker.log._Log4jLoggerFactory$Log4jLogger 2022-01-23 17:17:20,951 TemplateLoader.findTemplateSource("spark/partials/test_en_IN.ftl"): Not found 
freemarker.log._Log4jLoggerFactory$Log4jLogger 2022-01-23 17:17:20,952 TemplateLoader.findTemplateSource("spark/partials/test_en.ftl"): Not found 
freemarker.log._Log4jLoggerFactory$Log4jLogger 2022-01-23 17:17:20,954 TemplateLoader.findTemplateSource("spark/partials/test.ftl"): Found 
freemarker.log._Log4jLoggerFactory$Log4jLogger 2022-01-23 17:17:20,955 Loading template for "spark/partials/test.ftl"("en_IN", UTF-8, parsed) from "jar:file:/C:/Users/Vijay/.m2/repository/com/aventstack/extentreports/5.0.8/extentreports-5.0.8.jar!/com/aventstack/extentreports/templates/spark/partials/test.ftl" 
freemarker.log._Log4jLoggerFactory$Log4jLogger 2022-01-23 17:17:20,985 Couldn't find template in cache for "spark/partials/standard-content.ftl"("en_IN", UTF-8, parsed); will try to load it. 
freemarker.log._Log4jLoggerFactory$Log4jLogger 2022-01-23 17:17:20,987 TemplateLoader.findTemplateSource("spark/partials/standard-content_en_IN.ftl"): Not found 
freemarker.log._Log4jLoggerFactory$Log4jLogger 2022-01-23 17:17:20,990 TemplateLoader.findTemplateSource("spark/partials/standard-content_en.ftl"): Not found 
freemarker.log._Log4jLoggerFactory$Log4jLogger 2022-01-23 17:17:20,991 TemplateLoader.findTemplateSource("spark/partials/standard-content.ftl"): Found 
freemarker.log._Log4jLoggerFactory$Log4jLogger 2022-01-23 17:17:20,992 Loading template for "spark/partials/standard-content.ftl"("en_IN", UTF-8, parsed) from "jar:file:/C:/Users/Vijay/.m2/repository/com/aventstack/extentreports/5.0.8/extentreports-5.0.8.jar!/com/aventstack/extentreports/templates/spark/partials/standard-content.ftl" 
freemarker.log._Log4jLoggerFactory$Log4jLogger 2022-01-23 17:17:21,006 Couldn't find template in cache for "spark/partials/exception.ftl"("en_IN", UTF-8, parsed); will try to load it. 
freemarker.log._Log4jLoggerFactory$Log4jLogger 2022-01-23 17:17:21,007 TemplateLoader.findTemplateSource("spark/partials/exception_en_IN.ftl"): Not found 
freemarker.log._Log4jLoggerFactory$Log4jLogger 2022-01-23 17:17:21,008 TemplateLoader.findTemplateSource("spark/partials/exception_en.ftl"): Not found 
freemarker.log._Log4jLoggerFactory$Log4jLogger 2022-01-23 17:17:21,009 TemplateLoader.findTemplateSource("spark/partials/exception.ftl"): Found 
freemarker.log._Log4jLoggerFactory$Log4jLogger 2022-01-23 17:17:21,010 Loading template for "spark/partials/exception.ftl"("en_IN", UTF-8, parsed) from "jar:file:/C:/Users/Vijay/.m2/repository/com/aventstack/extentreports/5.0.8/extentreports-5.0.8.jar!/com/aventstack/extentreports/templates/spark/partials/exception.ftl" 
freemarker.log._Log4jLoggerFactory$Log4jLogger 2022-01-23 17:17:21,012 Couldn't find template in cache for "spark/partials/category.ftl"("en_IN", UTF-8, parsed); will try to load it. 
freemarker.log._Log4jLoggerFactory$Log4jLogger 2022-01-23 17:17:21,013 TemplateLoader.findTemplateSource("spark/partials/category_en_IN.ftl"): Not found 
freemarker.log._Log4jLoggerFactory$Log4jLogger 2022-01-23 17:17:21,014 TemplateLoader.findTemplateSource("spark/partials/category_en.ftl"): Not found 
freemarker.log._Log4jLoggerFactory$Log4jLogger 2022-01-23 17:17:21,015 TemplateLoader.findTemplateSource("spark/partials/category.ftl"): Found 
freemarker.log._Log4jLoggerFactory$Log4jLogger 2022-01-23 17:17:21,016 Loading template for "spark/partials/category.ftl"("en_IN", UTF-8, parsed) from "jar:file:/C:/Users/Vijay/.m2/repository/com/aventstack/extentreports/5.0.8/extentreports-5.0.8.jar!/com/aventstack/extentreports/templates/spark/partials/category.ftl" 
freemarker.log._Log4jLoggerFactory$Log4jLogger 2022-01-23 17:17:21,018 Couldn't find template in cache for "spark/partials/device.ftl"("en_IN", UTF-8, parsed); will try to load it. 
freemarker.log._Log4jLoggerFactory$Log4jLogger 2022-01-23 17:17:21,019 TemplateLoader.findTemplateSource("spark/partials/device_en_IN.ftl"): Not found 
freemarker.log._Log4jLoggerFactory$Log4jLogger 2022-01-23 17:17:21,020 TemplateLoader.findTemplateSource("spark/partials/device_en.ftl"): Not found 
freemarker.log._Log4jLoggerFactory$Log4jLogger 2022-01-23 17:17:21,021 TemplateLoader.findTemplateSource("spark/partials/device.ftl"): Found 
freemarker.log._Log4jLoggerFactory$Log4jLogger 2022-01-23 17:17:21,023 Loading template for "spark/partials/device.ftl"("en_IN", UTF-8, parsed) from "jar:file:/C:/Users/Vijay/.m2/repository/com/aventstack/extentreports/5.0.8/extentreports-5.0.8.jar!/com/aventstack/extentreports/templates/spark/partials/device.ftl" 
freemarker.log._Log4jLoggerFactory$Log4jLogger 2022-01-23 17:17:21,025 Couldn't find template in cache for "spark/partials/author.ftl"("en_IN", UTF-8, parsed); will try to load it. 
freemarker.log._Log4jLoggerFactory$Log4jLogger 2022-01-23 17:17:21,026 TemplateLoader.findTemplateSource("spark/partials/author_en_IN.ftl"): Not found 
freemarker.log._Log4jLoggerFactory$Log4jLogger 2022-01-23 17:17:21,028 TemplateLoader.findTemplateSource("spark/partials/author_en.ftl"): Not found 
freemarker.log._Log4jLoggerFactory$Log4jLogger 2022-01-23 17:17:21,029 TemplateLoader.findTemplateSource("spark/partials/author.ftl"): Found 
freemarker.log._Log4jLoggerFactory$Log4jLogger 2022-01-23 17:17:21,030 Loading template for "spark/partials/author.ftl"("en_IN", UTF-8, parsed) from "jar:file:/C:/Users/Vijay/.m2/repository/com/aventstack/extentreports/5.0.8/extentreports-5.0.8.jar!/com/aventstack/extentreports/templates/spark/partials/author.ftl" 
freemarker.log._Log4jLoggerFactory$Log4jLogger 2022-01-23 17:17:21,033 Couldn't find template in cache for "spark/partials/log.ftl"("en_IN", UTF-8, parsed); will try to load it. 
freemarker.log._Log4jLoggerFactory$Log4jLogger 2022-01-23 17:17:21,034 TemplateLoader.findTemplateSource("spark/partials/log_en_IN.ftl"): Not found 
freemarker.log._Log4jLoggerFactory$Log4jLogger 2022-01-23 17:17:21,036 TemplateLoader.findTemplateSource("spark/partials/log_en.ftl"): Not found 
freemarker.log._Log4jLoggerFactory$Log4jLogger 2022-01-23 17:17:21,037 TemplateLoader.findTemplateSource("spark/partials/log.ftl"): Found 
freemarker.log._Log4jLoggerFactory$Log4jLogger 2022-01-23 17:17:21,038 Loading template for "spark/partials/log.ftl"("en_IN", UTF-8, parsed) from "jar:file:/C:/Users/Vijay/.m2/repository/com/aventstack/extentreports/5.0.8/extentreports-5.0.8.jar!/com/aventstack/extentreports/templates/spark/partials/log.ftl" 
freemarker.log._Log4jLoggerFactory$Log4jLogger 2022-01-23 17:17:21,043 Couldn't find template in cache for "spark/partials/dashboard.ftl"("en_IN", UTF-8, parsed); will try to load it. 
freemarker.log._Log4jLoggerFactory$Log4jLogger 2022-01-23 17:17:21,045 TemplateLoader.findTemplateSource("spark/partials/dashboard_en_IN.ftl"): Not found 
freemarker.log._Log4jLoggerFactory$Log4jLogger 2022-01-23 17:17:21,047 TemplateLoader.findTemplateSource("spark/partials/dashboard_en.ftl"): Not found 
freemarker.log._Log4jLoggerFactory$Log4jLogger 2022-01-23 17:17:21,048 TemplateLoader.findTemplateSource("spark/partials/dashboard.ftl"): Found 
freemarker.log._Log4jLoggerFactory$Log4jLogger 2022-01-23 17:17:21,049 Loading template for "spark/partials/dashboard.ftl"("en_IN", UTF-8, parsed) from "jar:file:/C:/Users/Vijay/.m2/repository/com/aventstack/extentreports/5.0.8/extentreports-5.0.8.jar!/com/aventstack/extentreports/templates/spark/partials/dashboard.ftl" 
freemarker.log._Log4jLoggerFactory$Log4jLogger 2022-01-23 17:17:21,112 Couldn't find template in cache for "spark/partials/scripts.ftl"("en_IN", UTF-8, parsed); will try to load it. 
freemarker.log._Log4jLoggerFactory$Log4jLogger 2022-01-23 17:17:21,114 TemplateLoader.findTemplateSource("spark/partials/scripts_en_IN.ftl"): Not found 
freemarker.log._Log4jLoggerFactory$Log4jLogger 2022-01-23 17:17:21,115 TemplateLoader.findTemplateSource("spark/partials/scripts_en.ftl"): Not found 
freemarker.log._Log4jLoggerFactory$Log4jLogger 2022-01-23 17:17:21,116 TemplateLoader.findTemplateSource("spark/partials/scripts.ftl"): Found 
freemarker.log._Log4jLoggerFactory$Log4jLogger 2022-01-23 17:17:21,117 Loading template for "spark/partials/scripts.ftl"("en_IN", UTF-8, parsed) from "jar:file:/C:/Users/Vijay/.m2/repository/com/aventstack/extentreports/5.0.8/extentreports-5.0.8.jar!/com/aventstack/extentreports/templates/spark/partials/scripts.ftl" 
freemarker.log._Log4jLoggerFactory$Log4jLogger 2022-01-23 17:17:21,119 Couldn't find template in cache for "commons/commons-inject-js.ftl"("en_IN", UTF-8, parsed); will try to load it. 
freemarker.log._Log4jLoggerFactory$Log4jLogger 2022-01-23 17:17:21,122 TemplateLoader.findTemplateSource("commons/commons-inject-js_en_IN.ftl"): Not found 
freemarker.log._Log4jLoggerFactory$Log4jLogger 2022-01-23 17:17:21,123 TemplateLoader.findTemplateSource("commons/commons-inject-js_en.ftl"): Not found 
freemarker.log._Log4jLoggerFactory$Log4jLogger 2022-01-23 17:17:21,124 TemplateLoader.findTemplateSource("commons/commons-inject-js.ftl"): Found 
freemarker.log._Log4jLoggerFactory$Log4jLogger 2022-01-23 17:17:21,125 Loading template for "commons/commons-inject-js.ftl"("en_IN", UTF-8, parsed) from "jar:file:/C:/Users/Vijay/.m2/repository/com/aventstack/extentreports/5.0.8/extentreports-5.0.8.jar!/com/aventstack/extentreports/templates/commons/commons-inject-js.ftl" 
generic.WebUtils 2022-01-23 17:39:59,401 Entering the input :vijay.udagatti 
generic.WebUtils 2022-01-23 17:39:59,562 Entering the input :chandviji 
generic.WebUtils 2022-01-23 17:39:59,666 Clicking the Element 
freemarker.log._Log4jLoggerFactory$Log4jLogger 2022-01-23 17:40:00,824 Couldn't find template in cache for "spark/spark.spa.ftl"("en_IN", UTF-8, parsed); will try to load it. 
freemarker.log._Log4jLoggerFactory$Log4jLogger 2022-01-23 17:40:00,826 TemplateLoader.findTemplateSource("spark/spark.spa_en_IN.ftl"): Not found 
freemarker.log._Log4jLoggerFactory$Log4jLogger 2022-01-23 17:40:00,828 TemplateLoader.findTemplateSource("spark/spark.spa_en.ftl"): Not found 
freemarker.log._Log4jLoggerFactory$Log4jLogger 2022-01-23 17:40:00,831 TemplateLoader.findTemplateSource("spark/spark.spa.ftl"): Found 
freemarker.log._Log4jLoggerFactory$Log4jLogger 2022-01-23 17:40:00,832 Loading template for "spark/spark.spa.ftl"("en_IN", UTF-8, parsed) from "jar:file:/C:/Users/Vijay/.m2/repository/com/aventstack/extentreports/5.0.8/extentreports-5.0.8.jar!/com/aventstack/extentreports/templates/spark/spark.spa.ftl" 
freemarker.log._Log4jLoggerFactory$Log4jLogger 2022-01-23 17:40:00,938 Couldn't find template in cache for "commons/commons-variables.ftl"("en_IN", UTF-8, parsed); will try to load it. 
freemarker.log._Log4jLoggerFactory$Log4jLogger 2022-01-23 17:40:00,940 TemplateLoader.findTemplateSource("commons/commons-variables_en_IN.ftl"): Not found 
freemarker.log._Log4jLoggerFactory$Log4jLogger 2022-01-23 17:40:00,941 TemplateLoader.findTemplateSource("commons/commons-variables_en.ftl"): Not found 
freemarker.log._Log4jLoggerFactory$Log4jLogger 2022-01-23 17:40:00,941 TemplateLoader.findTemplateSource("commons/commons-variables.ftl"): Found 
freemarker.log._Log4jLoggerFactory$Log4jLogger 2022-01-23 17:40:00,942 Loading template for "commons/commons-variables.ftl"("en_IN", UTF-8, parsed) from "jar:file:/C:/Users/Vijay/.m2/repository/com/aventstack/extentreports/5.0.8/extentreports-5.0.8.jar!/com/aventstack/extentreports/templates/commons/commons-variables.ftl" 
freemarker.log._Log4jLoggerFactory$Log4jLogger 2022-01-23 17:40:01,124 Couldn't find template in cache for "commons/commons-macros.ftl"("en_IN", UTF-8, parsed); will try to load it. 
freemarker.log._Log4jLoggerFactory$Log4jLogger 2022-01-23 17:40:01,126 TemplateLoader.findTemplateSource("commons/commons-macros_en_IN.ftl"): Not found 
freemarker.log._Log4jLoggerFactory$Log4jLogger 2022-01-23 17:40:01,127 TemplateLoader.findTemplateSource("commons/commons-macros_en.ftl"): Not found 
freemarker.log._Log4jLoggerFactory$Log4jLogger 2022-01-23 17:40:01,130 TemplateLoader.findTemplateSource("commons/commons-macros.ftl"): Found 
freemarker.log._Log4jLoggerFactory$Log4jLogger 2022-01-23 17:40:01,131 Loading template for "commons/commons-macros.ftl"("en_IN", UTF-8, parsed) from "jar:file:/C:/Users/Vijay/.m2/repository/com/aventstack/extentreports/5.0.8/extentreports-5.0.8.jar!/com/aventstack/extentreports/templates/commons/commons-macros.ftl" 
freemarker.log._Log4jLoggerFactory$Log4jLogger 2022-01-23 17:40:01,161 Couldn't find template in cache for "spark/macros/attributes.ftl"("en_IN", UTF-8, parsed); will try to load it. 
freemarker.log._Log4jLoggerFactory$Log4jLogger 2022-01-23 17:40:01,162 TemplateLoader.findTemplateSource("spark/macros/attributes_en_IN.ftl"): Not found 
freemarker.log._Log4jLoggerFactory$Log4jLogger 2022-01-23 17:40:01,163 TemplateLoader.findTemplateSource("spark/macros/attributes_en.ftl"): Not found 
freemarker.log._Log4jLoggerFactory$Log4jLogger 2022-01-23 17:40:01,165 TemplateLoader.findTemplateSource("spark/macros/attributes.ftl"): Found 
freemarker.log._Log4jLoggerFactory$Log4jLogger 2022-01-23 17:40:01,165 Loading template for "spark/macros/attributes.ftl"("en_IN", UTF-8, parsed) from "jar:file:/C:/Users/Vijay/.m2/repository/com/aventstack/extentreports/5.0.8/extentreports-5.0.8.jar!/com/aventstack/extentreports/templates/spark/macros/attributes.ftl" 
freemarker.log._Log4jLoggerFactory$Log4jLogger 2022-01-23 17:40:01,170 Couldn't find template in cache for "spark/macros/log.ftl"("en_IN", UTF-8, parsed); will try to load it. 
freemarker.log._Log4jLoggerFactory$Log4jLogger 2022-01-23 17:40:01,172 TemplateLoader.findTemplateSource("spark/macros/log_en_IN.ftl"): Not found 
freemarker.log._Log4jLoggerFactory$Log4jLogger 2022-01-23 17:40:01,173 TemplateLoader.findTemplateSource("spark/macros/log_en.ftl"): Not found 
freemarker.log._Log4jLoggerFactory$Log4jLogger 2022-01-23 17:40:01,174 TemplateLoader.findTemplateSource("spark/macros/log.ftl"): Found 
freemarker.log._Log4jLoggerFactory$Log4jLogger 2022-01-23 17:40:01,175 Loading template for "spark/macros/log.ftl"("en_IN", UTF-8, parsed) from "jar:file:/C:/Users/Vijay/.m2/repository/com/aventstack/extentreports/5.0.8/extentreports-5.0.8.jar!/com/aventstack/extentreports/templates/spark/macros/log.ftl" 
freemarker.log._Log4jLoggerFactory$Log4jLogger 2022-01-23 17:40:01,196 Couldn't find template in cache for "spark/macros/recurse_nodes.ftl"("en_IN", UTF-8, parsed); will try to load it. 
freemarker.log._Log4jLoggerFactory$Log4jLogger 2022-01-23 17:40:01,198 TemplateLoader.findTemplateSource("spark/macros/recurse_nodes_en_IN.ftl"): Not found 
freemarker.log._Log4jLoggerFactory$Log4jLogger 2022-01-23 17:40:01,199 TemplateLoader.findTemplateSource("spark/macros/recurse_nodes_en.ftl"): Not found 
freemarker.log._Log4jLoggerFactory$Log4jLogger 2022-01-23 17:40:01,201 TemplateLoader.findTemplateSource("spark/macros/recurse_nodes.ftl"): Found 
freemarker.log._Log4jLoggerFactory$Log4jLogger 2022-01-23 17:40:01,202 Loading template for "spark/macros/recurse_nodes.ftl"("en_IN", UTF-8, parsed) from "jar:file:/C:/Users/Vijay/.m2/repository/com/aventstack/extentreports/5.0.8/extentreports-5.0.8.jar!/com/aventstack/extentreports/templates/spark/macros/recurse_nodes.ftl" 
freemarker.log._Log4jLoggerFactory$Log4jLogger 2022-01-23 17:40:01,209 "spark/macros/log.ftl"("en_IN", UTF-8, parsed) cached copy not yet stale; using cached. 
freemarker.log._Log4jLoggerFactory$Log4jLogger 2022-01-23 17:40:01,210 Couldn't find template in cache for "spark/macros/attr-common.ftl"("en_IN", UTF-8, parsed); will try to load it. 
freemarker.log._Log4jLoggerFactory$Log4jLogger 2022-01-23 17:40:01,211 TemplateLoader.findTemplateSource("spark/macros/attr-common_en_IN.ftl"): Not found 
freemarker.log._Log4jLoggerFactory$Log4jLogger 2022-01-23 17:40:01,213 TemplateLoader.findTemplateSource("spark/macros/attr-common_en.ftl"): Not found 
freemarker.log._Log4jLoggerFactory$Log4jLogger 2022-01-23 17:40:01,215 TemplateLoader.findTemplateSource("spark/macros/attr-common.ftl"): Found 
freemarker.log._Log4jLoggerFactory$Log4jLogger 2022-01-23 17:40:01,215 Loading template for "spark/macros/attr-common.ftl"("en_IN", UTF-8, parsed) from "jar:file:/C:/Users/Vijay/.m2/repository/com/aventstack/extentreports/5.0.8/extentreports-5.0.8.jar!/com/aventstack/extentreports/templates/spark/macros/attr-common.ftl" 
freemarker.log._Log4jLoggerFactory$Log4jLogger 2022-01-23 17:40:01,254 Couldn't find template in cache for "spark/partials/head.ftl"("en_IN", UTF-8, parsed); will try to load it. 
freemarker.log._Log4jLoggerFactory$Log4jLogger 2022-01-23 17:40:01,256 TemplateLoader.findTemplateSource("spark/partials/head_en_IN.ftl"): Not found 
freemarker.log._Log4jLoggerFactory$Log4jLogger 2022-01-23 17:40:01,261 TemplateLoader.findTemplateSource("spark/partials/head_en.ftl"): Not found 
freemarker.log._Log4jLoggerFactory$Log4jLogger 2022-01-23 17:40:01,264 TemplateLoader.findTemplateSource("spark/partials/head.ftl"): Found 
freemarker.log._Log4jLoggerFactory$Log4jLogger 2022-01-23 17:40:01,268 Loading template for "spark/partials/head.ftl"("en_IN", UTF-8, parsed) from "jar:file:/C:/Users/Vijay/.m2/repository/com/aventstack/extentreports/5.0.8/extentreports-5.0.8.jar!/com/aventstack/extentreports/templates/spark/partials/head.ftl" 
freemarker.log._Log4jLoggerFactory$Log4jLogger 2022-01-23 17:40:01,273 Couldn't find template in cache for "commons/commons-inject-css.ftl"("en_IN", UTF-8, parsed); will try to load it. 
freemarker.log._Log4jLoggerFactory$Log4jLogger 2022-01-23 17:40:01,275 TemplateLoader.findTemplateSource("commons/commons-inject-css_en_IN.ftl"): Not found 
freemarker.log._Log4jLoggerFactory$Log4jLogger 2022-01-23 17:40:01,276 TemplateLoader.findTemplateSource("commons/commons-inject-css_en.ftl"): Not found 
freemarker.log._Log4jLoggerFactory$Log4jLogger 2022-01-23 17:40:01,276 TemplateLoader.findTemplateSource("commons/commons-inject-css.ftl"): Found 
freemarker.log._Log4jLoggerFactory$Log4jLogger 2022-01-23 17:40:01,277 Loading template for "commons/commons-inject-css.ftl"("en_IN", UTF-8, parsed) from "jar:file:/C:/Users/Vijay/.m2/repository/com/aventstack/extentreports/5.0.8/extentreports-5.0.8.jar!/com/aventstack/extentreports/templates/commons/commons-inject-css.ftl" 
freemarker.log._Log4jLoggerFactory$Log4jLogger 2022-01-23 17:40:01,280 Couldn't find template in cache for "spark/partials/navbar.ftl"("en_IN", UTF-8, parsed); will try to load it. 
freemarker.log._Log4jLoggerFactory$Log4jLogger 2022-01-23 17:40:01,282 TemplateLoader.findTemplateSource("spark/partials/navbar_en_IN.ftl"): Not found 
freemarker.log._Log4jLoggerFactory$Log4jLogger 2022-01-23 17:40:01,284 TemplateLoader.findTemplateSource("spark/partials/navbar_en.ftl"): Not found 
freemarker.log._Log4jLoggerFactory$Log4jLogger 2022-01-23 17:40:01,286 TemplateLoader.findTemplateSource("spark/partials/navbar.ftl"): Found 
freemarker.log._Log4jLoggerFactory$Log4jLogger 2022-01-23 17:40:01,287 Loading template for "spark/partials/navbar.ftl"("en_IN", UTF-8, parsed) from "jar:file:/C:/Users/Vijay/.m2/repository/com/aventstack/extentreports/5.0.8/extentreports-5.0.8.jar!/com/aventstack/extentreports/templates/spark/partials/navbar.ftl" 
freemarker.log._Log4jLoggerFactory$Log4jLogger 2022-01-23 17:40:01,308 Couldn't find template in cache for "spark/partials/sidenav.ftl"("en_IN", UTF-8, parsed); will try to load it. 
freemarker.log._Log4jLoggerFactory$Log4jLogger 2022-01-23 17:40:01,319 TemplateLoader.findTemplateSource("spark/partials/sidenav_en_IN.ftl"): Not found 
freemarker.log._Log4jLoggerFactory$Log4jLogger 2022-01-23 17:40:01,320 TemplateLoader.findTemplateSource("spark/partials/sidenav_en.ftl"): Not found 
freemarker.log._Log4jLoggerFactory$Log4jLogger 2022-01-23 17:40:01,323 TemplateLoader.findTemplateSource("spark/partials/sidenav.ftl"): Found 
freemarker.log._Log4jLoggerFactory$Log4jLogger 2022-01-23 17:40:01,324 Loading template for "spark/partials/sidenav.ftl"("en_IN", UTF-8, parsed) from "jar:file:/C:/Users/Vijay/.m2/repository/com/aventstack/extentreports/5.0.8/extentreports-5.0.8.jar!/com/aventstack/extentreports/templates/spark/partials/sidenav.ftl" 
freemarker.log._Log4jLoggerFactory$Log4jLogger 2022-01-23 17:40:01,358 Couldn't find template in cache for "spark/partials/test.ftl"("en_IN", UTF-8, parsed); will try to load it. 
freemarker.log._Log4jLoggerFactory$Log4jLogger 2022-01-23 17:40:01,359 TemplateLoader.findTemplateSource("spark/partials/test_en_IN.ftl"): Not found 
freemarker.log._Log4jLoggerFactory$Log4jLogger 2022-01-23 17:40:01,360 TemplateLoader.findTemplateSource("spark/partials/test_en.ftl"): Not found 
freemarker.log._Log4jLoggerFactory$Log4jLogger 2022-01-23 17:40:01,361 TemplateLoader.findTemplateSource("spark/partials/test.ftl"): Found 
freemarker.log._Log4jLoggerFactory$Log4jLogger 2022-01-23 17:40:01,362 Loading template for "spark/partials/test.ftl"("en_IN", UTF-8, parsed) from "jar:file:/C:/Users/Vijay/.m2/repository/com/aventstack/extentreports/5.0.8/extentreports-5.0.8.jar!/com/aventstack/extentreports/templates/spark/partials/test.ftl" 
freemarker.log._Log4jLoggerFactory$Log4jLogger 2022-01-23 17:40:01,386 Couldn't find template in cache for "spark/partials/standard-content.ftl"("en_IN", UTF-8, parsed); will try to load it. 
freemarker.log._Log4jLoggerFactory$Log4jLogger 2022-01-23 17:40:01,388 TemplateLoader.findTemplateSource("spark/partials/standard-content_en_IN.ftl"): Not found 
freemarker.log._Log4jLoggerFactory$Log4jLogger 2022-01-23 17:40:01,389 TemplateLoader.findTemplateSource("spark/partials/standard-content_en.ftl"): Not found 
freemarker.log._Log4jLoggerFactory$Log4jLogger 2022-01-23 17:40:01,390 TemplateLoader.findTemplateSource("spark/partials/standard-content.ftl"): Found 
freemarker.log._Log4jLoggerFactory$Log4jLogger 2022-01-23 17:40:01,392 Loading template for "spark/partials/standard-content.ftl"("en_IN", UTF-8, parsed) from "jar:file:/C:/Users/Vijay/.m2/repository/com/aventstack/extentreports/5.0.8/extentreports-5.0.8.jar!/com/aventstack/extentreports/templates/spark/partials/standard-content.ftl" 
freemarker.log._Log4jLoggerFactory$Log4jLogger 2022-01-23 17:40:01,409 Couldn't find template in cache for "spark/partials/exception.ftl"("en_IN", UTF-8, parsed); will try to load it. 
freemarker.log._Log4jLoggerFactory$Log4jLogger 2022-01-23 17:40:01,410 TemplateLoader.findTemplateSource("spark/partials/exception_en_IN.ftl"): Not found 
freemarker.log._Log4jLoggerFactory$Log4jLogger 2022-01-23 17:40:01,412 TemplateLoader.findTemplateSource("spark/partials/exception_en.ftl"): Not found 
freemarker.log._Log4jLoggerFactory$Log4jLogger 2022-01-23 17:40:01,413 TemplateLoader.findTemplateSource("spark/partials/exception.ftl"): Found 
freemarker.log._Log4jLoggerFactory$Log4jLogger 2022-01-23 17:40:01,415 Loading template for "spark/partials/exception.ftl"("en_IN", UTF-8, parsed) from "jar:file:/C:/Users/Vijay/.m2/repository/com/aventstack/extentreports/5.0.8/extentreports-5.0.8.jar!/com/aventstack/extentreports/templates/spark/partials/exception.ftl" 
freemarker.log._Log4jLoggerFactory$Log4jLogger 2022-01-23 17:40:01,418 Couldn't find template in cache for "spark/partials/category.ftl"("en_IN", UTF-8, parsed); will try to load it. 
freemarker.log._Log4jLoggerFactory$Log4jLogger 2022-01-23 17:40:01,420 TemplateLoader.findTemplateSource("spark/partials/category_en_IN.ftl"): Not found 
freemarker.log._Log4jLoggerFactory$Log4jLogger 2022-01-23 17:40:01,423 TemplateLoader.findTemplateSource("spark/partials/category_en.ftl"): Not found 
freemarker.log._Log4jLoggerFactory$Log4jLogger 2022-01-23 17:40:01,431 TemplateLoader.findTemplateSource("spark/partials/category.ftl"): Found 
freemarker.log._Log4jLoggerFactory$Log4jLogger 2022-01-23 17:40:01,432 Loading template for "spark/partials/category.ftl"("en_IN", UTF-8, parsed) from "jar:file:/C:/Users/Vijay/.m2/repository/com/aventstack/extentreports/5.0.8/extentreports-5.0.8.jar!/com/aventstack/extentreports/templates/spark/partials/category.ftl" 
freemarker.log._Log4jLoggerFactory$Log4jLogger 2022-01-23 17:40:01,435 Couldn't find template in cache for "spark/partials/device.ftl"("en_IN", UTF-8, parsed); will try to load it. 
freemarker.log._Log4jLoggerFactory$Log4jLogger 2022-01-23 17:40:01,436 TemplateLoader.findTemplateSource("spark/partials/device_en_IN.ftl"): Not found 
freemarker.log._Log4jLoggerFactory$Log4jLogger 2022-01-23 17:40:01,437 TemplateLoader.findTemplateSource("spark/partials/device_en.ftl"): Not found 
freemarker.log._Log4jLoggerFactory$Log4jLogger 2022-01-23 17:40:01,438 TemplateLoader.findTemplateSource("spark/partials/device.ftl"): Found 
freemarker.log._Log4jLoggerFactory$Log4jLogger 2022-01-23 17:40:01,439 Loading template for "spark/partials/device.ftl"("en_IN", UTF-8, parsed) from "jar:file:/C:/Users/Vijay/.m2/repository/com/aventstack/extentreports/5.0.8/extentreports-5.0.8.jar!/com/aventstack/extentreports/templates/spark/partials/device.ftl" 
freemarker.log._Log4jLoggerFactory$Log4jLogger 2022-01-23 17:40:01,441 Couldn't find template in cache for "spark/partials/author.ftl"("en_IN", UTF-8, parsed); will try to load it. 
freemarker.log._Log4jLoggerFactory$Log4jLogger 2022-01-23 17:40:01,442 TemplateLoader.findTemplateSource("spark/partials/author_en_IN.ftl"): Not found 
freemarker.log._Log4jLoggerFactory$Log4jLogger 2022-01-23 17:40:01,443 TemplateLoader.findTemplateSource("spark/partials/author_en.ftl"): Not found 
freemarker.log._Log4jLoggerFactory$Log4jLogger 2022-01-23 17:40:01,444 TemplateLoader.findTemplateSource("spark/partials/author.ftl"): Found 
freemarker.log._Log4jLoggerFactory$Log4jLogger 2022-01-23 17:40:01,446 Loading template for "spark/partials/author.ftl"("en_IN", UTF-8, parsed) from "jar:file:/C:/Users/Vijay/.m2/repository/com/aventstack/extentreports/5.0.8/extentreports-5.0.8.jar!/com/aventstack/extentreports/templates/spark/partials/author.ftl" 
freemarker.log._Log4jLoggerFactory$Log4jLogger 2022-01-23 17:40:01,448 Couldn't find template in cache for "spark/partials/log.ftl"("en_IN", UTF-8, parsed); will try to load it. 
freemarker.log._Log4jLoggerFactory$Log4jLogger 2022-01-23 17:40:01,450 TemplateLoader.findTemplateSource("spark/partials/log_en_IN.ftl"): Not found 
freemarker.log._Log4jLoggerFactory$Log4jLogger 2022-01-23 17:40:01,451 TemplateLoader.findTemplateSource("spark/partials/log_en.ftl"): Not found 
freemarker.log._Log4jLoggerFactory$Log4jLogger 2022-01-23 17:40:01,452 TemplateLoader.findTemplateSource("spark/partials/log.ftl"): Found 
freemarker.log._Log4jLoggerFactory$Log4jLogger 2022-01-23 17:40:01,453 Loading template for "spark/partials/log.ftl"("en_IN", UTF-8, parsed) from "jar:file:/C:/Users/Vijay/.m2/repository/com/aventstack/extentreports/5.0.8/extentreports-5.0.8.jar!/com/aventstack/extentreports/templates/spark/partials/log.ftl" 
freemarker.log._Log4jLoggerFactory$Log4jLogger 2022-01-23 17:40:01,456 Couldn't find template in cache for "spark/partials/dashboard.ftl"("en_IN", UTF-8, parsed); will try to load it. 
freemarker.log._Log4jLoggerFactory$Log4jLogger 2022-01-23 17:40:01,457 TemplateLoader.findTemplateSource("spark/partials/dashboard_en_IN.ftl"): Not found 
freemarker.log._Log4jLoggerFactory$Log4jLogger 2022-01-23 17:40:01,458 TemplateLoader.findTemplateSource("spark/partials/dashboard_en.ftl"): Not found 
freemarker.log._Log4jLoggerFactory$Log4jLogger 2022-01-23 17:40:01,459 TemplateLoader.findTemplateSource("spark/partials/dashboard.ftl"): Found 
freemarker.log._Log4jLoggerFactory$Log4jLogger 2022-01-23 17:40:01,460 Loading template for "spark/partials/dashboard.ftl"("en_IN", UTF-8, parsed) from "jar:file:/C:/Users/Vijay/.m2/repository/com/aventstack/extentreports/5.0.8/extentreports-5.0.8.jar!/com/aventstack/extentreports/templates/spark/partials/dashboard.ftl" 
freemarker.log._Log4jLoggerFactory$Log4jLogger 2022-01-23 17:40:01,588 Couldn't find template in cache for "spark/partials/scripts.ftl"("en_IN", UTF-8, parsed); will try to load it. 
freemarker.log._Log4jLoggerFactory$Log4jLogger 2022-01-23 17:40:01,594 TemplateLoader.findTemplateSource("spark/partials/scripts_en_IN.ftl"): Not found 
freemarker.log._Log4jLoggerFactory$Log4jLogger 2022-01-23 17:40:01,603 TemplateLoader.findTemplateSource("spark/partials/scripts_en.ftl"): Not found 
freemarker.log._Log4jLoggerFactory$Log4jLogger 2022-01-23 17:40:01,605 TemplateLoader.findTemplateSource("spark/partials/scripts.ftl"): Found 
freemarker.log._Log4jLoggerFactory$Log4jLogger 2022-01-23 17:40:01,606 Loading template for "spark/partials/scripts.ftl"("en_IN", UTF-8, parsed) from "jar:file:/C:/Users/Vijay/.m2/repository/com/aventstack/extentreports/5.0.8/extentreports-5.0.8.jar!/com/aventstack/extentreports/templates/spark/partials/scripts.ftl" 
freemarker.log._Log4jLoggerFactory$Log4jLogger 2022-01-23 17:40:01,609 Couldn't find template in cache for "commons/commons-inject-js.ftl"("en_IN", UTF-8, parsed); will try to load it. 
freemarker.log._Log4jLoggerFactory$Log4jLogger 2022-01-23 17:40:01,611 TemplateLoader.findTemplateSource("commons/commons-inject-js_en_IN.ftl"): Not found 
freemarker.log._Log4jLoggerFactory$Log4jLogger 2022-01-23 17:40:01,627 TemplateLoader.findTemplateSource("commons/commons-inject-js_en.ftl"): Not found 
freemarker.log._Log4jLoggerFactory$Log4jLogger 2022-01-23 17:40:01,628 TemplateLoader.findTemplateSource("commons/commons-inject-js.ftl"): Found 
freemarker.log._Log4jLoggerFactory$Log4jLogger 2022-01-23 17:40:01,629 Loading template for "commons/commons-inject-js.ftl"("en_IN", UTF-8, parsed) from "jar:file:/C:/Users/Vijay/.m2/repository/com/aventstack/extentreports/5.0.8/extentreports-5.0.8.jar!/com/aventstack/extentreports/templates/commons/commons-inject-js.ftl" 
